This is pdfTeX, Version 3.141592653-2.6-1.40.25 (MiKTeX 24.1) (preloaded format=pdflatex 2024.4.21)  22 APR 2024 13:43
entering extended mode
 restricted \write18 enabled.
 %&-line parsing enabled.
**./proyecto.tex
(proyecto.tex
LaTeX2e <2023-11-01> patch level 1
L3 programming layer <2024-01-04>
(C:\Users\mruiz\AppData\Local\Programs\MiKTeX\tex/latex/base\book.cls
Document Class: book 2023/05/17 v1.4n Standard LaTeX document class
(C:\Users\mruiz\AppData\Local\Programs\MiKTeX\tex/latex/base\bk10.clo
File: bk10.clo 2023/05/17 v1.4n Standard LaTeX file (size option)
)
\c@part=\count187
\c@chapter=\count188
\c@section=\count189
\c@subsection=\count190
\c@subsubsection=\count191
\c@paragraph=\count192
\c@subparagraph=\count193
\c@figure=\count194
\c@table=\count195
\abovecaptionskip=\skip48
\belowcaptionskip=\skip49
\bibindent=\dimen140
)
(cdt/cdtUsecases.sty (cdt/cdtRequerimientos.sty (cdt/cdtBook.sty
Package: cdt/cdtBook 2010/05/30, v1.0 CDT-ESCOM-IPN Plantilla para reportes de 
la Coordinación

(C:\Users\mruiz\AppData\Local\Programs\MiKTeX\tex/latex/base\inputenc.sty
Package: inputenc 2021/02/14 v1.3d Input encoding file
\inpenc@prehook=\toks17
\inpenc@posthook=\toks18
)
(C:\Users\mruiz\AppData\Local\Programs\MiKTeX\tex/generic/babel\babel.sty
Package: babel 2024/01/07 v24.1 The Babel package
\babel@savecnt=\count196
\U@D=\dimen141
\l@unhyphenated=\language79

(C:\Users\mruiz\AppData\Local\Programs\MiKTeX\tex/generic/babel\txtbabel.def)
\bbl@readstream=\read2
\bbl@dirlevel=\count197

*************************************
* Local config file bblopts.cfg used
*
(C:\Users\mruiz\AppData\Local\Programs\MiKTeX\tex/latex/arabi\bblopts.cfg
File: bblopts.cfg 2005/09/08 v0.1 add Arabic and Farsi to "declared" options of
 babel
)
(D:\tex\tex/latex/babel-spanish\spanish.ldf
Language: spanish.ldf 2021/05/27 v5.0q Spanish support from the babel system
\es@quottoks=\toks19
\es@quotdepth=\count198
Package babel Info: Making " an active character on input line 570.
Package babel Info: Making . an active character on input line 675.
Package babel Info: Making < an active character on input line 722.
Package babel Info: Making > an active character on input line 722.
))
(C:\Users\mruiz\AppData\Local\Programs\MiKTeX\tex/generic/babel/locale/es\babel
-spanish.tex
Package babel Info: Importing font and identification data for spanish
(babel)             from babel-es.ini. Reported on input line 11.
) (D:\tex\tex/latex/cmbright\cmbright.sty
Package: cmbright 2005/04/13 v8.1 (WaS)
LaTeX Font Info:    Redeclaring symbol font `operators' on input line 29.
LaTeX Font Info:    Overwriting symbol font `operators' in version `normal'
(Font)                  OT1/cmr/m/n --> OT1/cmbr/m/n on input line 29.
LaTeX Font Info:    Overwriting symbol font `operators' in version `bold'
(Font)                  OT1/cmr/bx/n --> OT1/cmbr/m/n on input line 29.
LaTeX Font Info:    Redeclaring symbol font `letters' on input line 30.
LaTeX Font Info:    Overwriting symbol font `letters' in version `normal'
(Font)                  OML/cmm/m/it --> OML/cmbrm/m/it on input line 30.
LaTeX Font Info:    Overwriting symbol font `letters' in version `bold'
(Font)                  OML/cmm/b/it --> OML/cmbrm/m/it on input line 30.
LaTeX Font Info:    Overwriting symbol font `letters' in version `bold'
(Font)                  OML/cmbrm/m/it --> OML/cmbrm/b/it on input line 31.
LaTeX Font Info:    Redeclaring symbol font `symbols' on input line 32.
LaTeX Font Info:    Overwriting symbol font `symbols' in version `normal'
(Font)                  OMS/cmsy/m/n --> OMS/cmbrs/m/n on input line 32.
LaTeX Font Info:    Overwriting symbol font `symbols' in version `bold'
(Font)                  OMS/cmsy/b/n --> OMS/cmbrs/m/n on input line 32.
LaTeX Font Info:    Redeclaring math alphabet \mathit on input line 33.
LaTeX Font Info:    Overwriting math alphabet `\mathit' in version `normal'
(Font)                  OT1/cmr/m/it --> OT1/cmbr/m/sl on input line 33.
LaTeX Font Info:    Overwriting math alphabet `\mathit' in version `bold'
(Font)                  OT1/cmr/bx/it --> OT1/cmbr/m/sl on input line 33.
LaTeX Font Info:    Redeclaring math alphabet \mathbf on input line 34.
LaTeX Font Info:    Overwriting math alphabet `\mathbf' in version `normal'
(Font)                  OT1/cmr/bx/n --> OT1/cmbr/bx/n on input line 34.
LaTeX Font Info:    Overwriting math alphabet `\mathbf' in version `bold'
(Font)                  OT1/cmr/bx/n --> OT1/cmbr/bx/n on input line 34.
LaTeX Font Info:    Redeclaring math alphabet \mathtt on input line 35.
LaTeX Font Info:    Overwriting math alphabet `\mathtt' in version `normal'
(Font)                  OT1/cmtt/m/n --> OT1/cmtl/m/n on input line 35.
LaTeX Font Info:    Overwriting math alphabet `\mathtt' in version `bold'
(Font)                  OT1/cmtt/m/n --> OT1/cmtl/m/n on input line 35.
LaTeX Font Info:    Redeclaring math symbol \alpha on input line 37.
LaTeX Font Info:    Redeclaring math symbol \beta on input line 38.
LaTeX Font Info:    Redeclaring math symbol \gamma on input line 39.
LaTeX Font Info:    Redeclaring math symbol \delta on input line 40.
LaTeX Font Info:    Redeclaring math symbol \epsilon on input line 41.
LaTeX Font Info:    Redeclaring math symbol \zeta on input line 42.
LaTeX Font Info:    Redeclaring math symbol \eta on input line 43.
LaTeX Font Info:    Redeclaring math symbol \theta on input line 44.
LaTeX Font Info:    Redeclaring math symbol \iota on input line 45.
LaTeX Font Info:    Redeclaring math symbol \kappa on input line 46.
LaTeX Font Info:    Redeclaring math symbol \lambda on input line 47.
LaTeX Font Info:    Redeclaring math symbol \mu on input line 48.
LaTeX Font Info:    Redeclaring math symbol \nu on input line 49.
LaTeX Font Info:    Redeclaring math symbol \xi on input line 50.
LaTeX Font Info:    Redeclaring math symbol \pi on input line 51.
LaTeX Font Info:    Redeclaring math symbol \rho on input line 52.
LaTeX Font Info:    Redeclaring math symbol \sigma on input line 53.
LaTeX Font Info:    Redeclaring math symbol \tau on input line 54.
LaTeX Font Info:    Redeclaring math symbol \upsilon on input line 55.
LaTeX Font Info:    Redeclaring math symbol \phi on input line 56.
LaTeX Font Info:    Redeclaring math symbol \chi on input line 57.
LaTeX Font Info:    Redeclaring math symbol \psi on input line 58.
LaTeX Font Info:    Redeclaring math symbol \omega on input line 59.
LaTeX Font Info:    Redeclaring math symbol \varepsilon on input line 60.
LaTeX Font Info:    Redeclaring math symbol \vartheta on input line 61.
LaTeX Font Info:    Redeclaring math symbol \varpi on input line 62.
LaTeX Font Info:    Redeclaring math symbol \varrho on input line 63.
LaTeX Font Info:    Redeclaring math symbol \varsigma on input line 64.
LaTeX Font Info:    Redeclaring math symbol \varphi on input line 65.
LaTeX Info: Redefining \LaTeX on input line 129.
LaTeX Info: Redefining \LaTeXe on input line 139.
LaTeX Font Info:    Trying to load font information for OT1+cmbr on input line 
144.

(D:\tex\tex/latex/cmbright\ot1cmbr.fd
File: ot1cmbr.fd 2005/04/13 v8.1 (WaS)
))
(C:\Users\mruiz\AppData\Local\Programs\MiKTeX\tex/latex/graphics\graphicx.sty
Package: graphicx 2021/09/16 v1.2d Enhanced LaTeX Graphics (DPC,SPQR)

(C:\Users\mruiz\AppData\Local\Programs\MiKTeX\tex/latex/graphics\keyval.sty
Package: keyval 2022/05/29 v1.15 key=value parser (DPC)
\KV@toks@=\toks20
)
(C:\Users\mruiz\AppData\Local\Programs\MiKTeX\tex/latex/graphics\graphics.sty
Package: graphics 2022/03/10 v1.4e Standard LaTeX Graphics (DPC,SPQR)

(C:\Users\mruiz\AppData\Local\Programs\MiKTeX\tex/latex/graphics\trig.sty
Package: trig 2021/08/11 v1.11 sin cos tan (DPC)
)
(C:\Users\mruiz\AppData\Local\Programs\MiKTeX\tex/latex/graphics-cfg\graphics.c
fg
File: graphics.cfg 2016/06/04 v1.11 sample graphics configuration
)
Package graphics Info: Driver file: pdftex.def on input line 107.

(C:\Users\mruiz\AppData\Local\Programs\MiKTeX\tex/latex/graphics-def\pdftex.def
File: pdftex.def 2022/09/22 v1.2b Graphics/color driver for pdftex
))
\Gin@req@height=\dimen142
\Gin@req@width=\dimen143
) (C:\Users\mruiz\AppData\Local\Programs\MiKTeX\tex/latex/graphics\color.sty
Package: color 2022/01/06 v1.3d Standard LaTeX Color (DPC)

(C:\Users\mruiz\AppData\Local\Programs\MiKTeX\tex/latex/graphics-cfg\color.cfg
File: color.cfg 2016/01/02 v1.6 sample color configuration
)
Package color Info: Driver file: pdftex.def on input line 149.
(C:\Users\mruiz\AppData\Local\Programs\MiKTeX\tex/latex/graphics\dvipsnam.def
File: dvipsnam.def 2016/06/17 v3.0m Driver-dependent file (DPC,SPQR)
)
(C:\Users\mruiz\AppData\Local\Programs\MiKTeX\tex/latex/graphics\mathcolor.ltx)
) (D:\tex\tex/latex/wallpaper\wallpaper.sty
Package: wallpaper 2005/01/18, v1.01 easy wallpaper formatting (MHFW)

(C:\Users\mruiz\AppData\Local\Programs\MiKTeX\tex/latex/base\ifthen.sty
Package: ifthen 2022/04/13 v1.1d Standard LaTeX ifthen package (DPC)
)
(C:\Users\mruiz\AppData\Local\Programs\MiKTeX\tex/latex/tools\calc.sty
Package: calc 2023/07/08 v4.3 Infix arithmetic (KKT,FJ)
\calc@Acount=\count199
\calc@Bcount=\count266
\calc@Adimen=\dimen144
\calc@Bdimen=\dimen145
\calc@Askip=\skip50
\calc@Bskip=\skip51
LaTeX Info: Redefining \setlength on input line 80.
LaTeX Info: Redefining \addtolength on input line 81.
\calc@Ccount=\count267
\calc@Cskip=\skip52
)
(D:\tex\tex/latex/eso-pic\eso-pic.sty
Package: eso-pic 2023/05/03 v3.0c eso-pic (RN)
\ESO@tempdima=\dimen146
\ESO@tempdimb=\dimen147
)
\wpXoffset=\skip53
\wpYoffset=\skip54
\tileXoffset=\skip55
\tileYoffset=\skip56
\tilewidth=\skip57
\tileheight=\skip58
\tileX=\skip59
\tileY=\skip60
) (D:\tex\tex/latex/fancyhdr\fancyhdr.sty
Package: fancyhdr 2022/11/09 v4.1 Extensive control of page headers and footers

\f@nch@headwidth=\skip61
\f@nch@O@elh=\skip62
\f@nch@O@erh=\skip63
\f@nch@O@olh=\skip64
\f@nch@O@orh=\skip65
\f@nch@O@elf=\skip66
\f@nch@O@erf=\skip67
\f@nch@O@olf=\skip68
\f@nch@O@orf=\skip69
) (D:\tex\tex/latex/geometry\geometry.sty
Package: geometry 2020/01/02 v5.9 Page Geometry

(C:\Users\mruiz\AppData\Local\Programs\MiKTeX\tex/generic/iftex\ifvtex.sty
Package: ifvtex 2019/10/25 v1.7 ifvtex legacy package. Use iftex instead.

(C:\Users\mruiz\AppData\Local\Programs\MiKTeX\tex/generic/iftex\iftex.sty
Package: iftex 2022/02/03 v1.0f TeX engine tests
))
\Gm@cnth=\count268
\Gm@cntv=\count269
\c@Gm@tempcnt=\count270
\Gm@bindingoffset=\dimen148
\Gm@wd@mp=\dimen149
\Gm@odd@mp=\dimen150
\Gm@even@mp=\dimen151
\Gm@layoutwidth=\dimen152
\Gm@layoutheight=\dimen153
\Gm@layouthoffset=\dimen154
\Gm@layoutvoffset=\dimen155
\Gm@dimlist=\toks21

(D:\tex\tex/latex/geometry\geometry.cfg))
(D:\tex\tex/latex/fncychap\fncychap.sty
Package: fncychap 2007/07/30 v1.34 LaTeX package (Revised chapters)
\RW=\skip70
\mylen=\skip71
\myhi=\skip72
\px=\skip73
\py=\skip74
\pyy=\skip75
\pxx=\skip76
)
(D:\tex\tex/latex/marvosym\marvosym.sty
Package: marvosym 2011/07/20 v2.2 Martin Vogel's Symbols font definitions
))
(C:\Users\mruiz\AppData\Local\Programs\MiKTeX\tex/latex/tools\longtable.sty
Package: longtable 2023-11-01 v4.19 Multi-page Table package (DPC)
\LTleft=\skip77
\LTright=\skip78
\LTpre=\skip79
\LTpost=\skip80
\LTchunksize=\count271
\LTcapwidth=\dimen156
\LT@head=\box51
\LT@firsthead=\box52
\LT@foot=\box53
\LT@lastfoot=\box54
\LT@gbox=\box55
\LT@cols=\count272
\LT@rows=\count273
\c@LT@tables=\count274
\c@LT@chunks=\count275
\LT@p@ftn=\toks22
)
(C:\Users\mruiz\AppData\Local\Programs\MiKTeX\tex/latex/hyperref\hyperref.sty
Package: hyperref 2023-11-26 v7.01g Hypertext links for LaTeX

(D:\tex\tex/generic/infwarerr\infwarerr.sty
Package: infwarerr 2019/12/03 v1.5 Providing info/warning/error messages (HO)
)
(D:\tex\tex/latex/kvsetkeys\kvsetkeys.sty
Package: kvsetkeys 2022-10-05 v1.19 Key value parser (HO)
)
(D:\tex\tex/generic/kvdefinekeys\kvdefinekeys.sty
Package: kvdefinekeys 2019-12-19 v1.6 Define keys (HO)
)
(D:\tex\tex/generic/pdfescape\pdfescape.sty
Package: pdfescape 2019/12/09 v1.15 Implements pdfTeX's escape features (HO)

(D:\tex\tex/generic/ltxcmds\ltxcmds.sty
Package: ltxcmds 2023-12-04 v1.26 LaTeX kernel commands for general use (HO)
)
(C:\Users\mruiz\AppData\Local\Programs\MiKTeX\tex/generic/pdftexcmds\pdftexcmds
.sty
Package: pdftexcmds 2020-06-27 v0.33 Utility functions of pdfTeX for LuaTeX (HO
)
Package pdftexcmds Info: \pdf@primitive is available.
Package pdftexcmds Info: \pdf@ifprimitive is available.
Package pdftexcmds Info: \pdfdraftmode found.
)) (D:\tex\tex/latex/hycolor\hycolor.sty
Package: hycolor 2020-01-27 v1.10 Color options for hyperref/bookmark (HO)
)
(D:\tex\tex/latex/letltxmacro\letltxmacro.sty
Package: letltxmacro 2019/12/03 v1.6 Let assignment for LaTeX macros (HO)
)
(D:\tex\tex/latex/auxhook\auxhook.sty
Package: auxhook 2019-12-17 v1.6 Hooks for auxiliary files (HO)
)
(C:\Users\mruiz\AppData\Local\Programs\MiKTeX\tex/latex/hyperref\nameref.sty
Package: nameref 2023-11-26 v2.56 Cross-referencing by name of section

(D:\tex\tex/latex/refcount\refcount.sty
Package: refcount 2019/12/15 v3.6 Data extraction from label references (HO)
)
(D:\tex\tex/generic/gettitlestring\gettitlestring.sty
Package: gettitlestring 2019/12/15 v1.6 Cleanup title references (HO)

(D:\tex\tex/latex/kvoptions\kvoptions.sty
Package: kvoptions 2022-06-15 v3.15 Key value format for package options (HO)
))
\c@section@level=\count276
)
(C:\Users\mruiz\AppData\Local\Programs\MiKTeX\tex/latex/etoolbox\etoolbox.sty
Package: etoolbox 2020/10/05 v2.5k e-TeX tools for LaTeX (JAW)
\etb@tempcnta=\count277
)
\@linkdim=\dimen157
\Hy@linkcounter=\count278
\Hy@pagecounter=\count279

(C:\Users\mruiz\AppData\Local\Programs\MiKTeX\tex/latex/hyperref\pd1enc.def
File: pd1enc.def 2023-11-26 v7.01g Hyperref: PDFDocEncoding definition (HO)
Now handling font encoding PD1 ...
... no UTF-8 mapping file for font encoding PD1
)
(D:\tex\tex/generic/intcalc\intcalc.sty
Package: intcalc 2019/12/15 v1.3 Expandable calculations with integers (HO)
)
\Hy@SavedSpaceFactor=\count280

(C:\Users\mruiz\AppData\Local\Programs\MiKTeX\tex/latex/hyperref\puenc.def
File: puenc.def 2023-11-26 v7.01g Hyperref: PDF Unicode definition (HO)
Now handling font encoding PU ...
... no UTF-8 mapping file for font encoding PU
)
Package hyperref Info: Option `bookmarks' set `true' on input line 4064.
Package hyperref Info: Option `colorlinks' set `true' on input line 4064.
Package hyperref Info: Hyper figures OFF on input line 4181.
Package hyperref Info: Link nesting OFF on input line 4186.
Package hyperref Info: Hyper index ON on input line 4189.
Package hyperref Info: Plain pages OFF on input line 4196.
Package hyperref Info: Backreferencing OFF on input line 4201.
Package hyperref Info: Implicit mode ON; LaTeX internals redefined.
Package hyperref Info: Bookmarks ON on input line 4448.
\c@Hy@tempcnt=\count281

(C:\Users\mruiz\AppData\Local\Programs\MiKTeX\tex/latex/url\url.sty
\Urlmuskip=\muskip16
Package: url 2013/09/16  ver 3.4  Verb mode for urls, etc.
)
LaTeX Info: Redefining \url on input line 4786.
\XeTeXLinkMargin=\dimen158

(D:\tex\tex/generic/bitset\bitset.sty
Package: bitset 2019/12/09 v1.3 Handle bit-vector datatype (HO)

(D:\tex\tex/generic/bigintcalc\bigintcalc.sty
Package: bigintcalc 2019/12/15 v1.5 Expandable calculations on big integers (HO
)
))
\Fld@menulength=\count282
\Field@Width=\dimen159
\Fld@charsize=\dimen160
Package hyperref Info: Hyper figures OFF on input line 6065.
Package hyperref Info: Link nesting OFF on input line 6070.
Package hyperref Info: Hyper index ON on input line 6073.
Package hyperref Info: backreferencing OFF on input line 6080.
Package hyperref Info: Link coloring ON on input line 6083.
Package hyperref Info: Link coloring with OCG OFF on input line 6090.
Package hyperref Info: PDF/A mode OFF on input line 6095.

(C:\Users\mruiz\AppData\Local\Programs\MiKTeX\tex/latex/base\atbegshi-ltx.sty
Package: atbegshi-ltx 2021/01/10 v1.0c Emulation of the original atbegshi
package with kernel methods
)
\Hy@abspage=\count283
\c@Item=\count284
\c@Hfootnote=\count285
)
Package hyperref Info: Driver: hpdftex.
(C:\Users\mruiz\AppData\Local\Programs\MiKTeX\tex/latex/hyperref\hpdftex.def
File: hpdftex.def 2023-11-26 v7.01g Hyperref driver for pdfTeX

(C:\Users\mruiz\AppData\Local\Programs\MiKTeX\tex/latex/base\atveryend-ltx.sty
Package: atveryend-ltx 2020/08/19 v1.0a Emulation of the original atveryend pac
kage
with kernel methods
)
\Fld@listcount=\count286
\c@bookmark@seq@number=\count287
(D:\tex\tex/latex/rerunfilecheck\rerunfilecheck.sty
Package: rerunfilecheck 2022-07-10 v1.10 Rerun checks for auxiliary files (HO)

(D:\tex\tex/generic/uniquecounter\uniquecounter.sty
Package: uniquecounter 2019/12/15 v1.4 Provide unlimited unique counter (HO)
)
Package uniquecounter Info: New unique counter `rerunfilecheck' on input line 2
85.
)
\Hy@SectionHShift=\skip81
)
(C:\Users\mruiz\AppData\Local\Programs\MiKTeX\tex/latex/amsfonts\amssymb.sty
Package: amssymb 2013/01/14 v3.01 AMS font symbols

(C:\Users\mruiz\AppData\Local\Programs\MiKTeX\tex/latex/amsfonts\amsfonts.sty
Package: amsfonts 2013/01/14 v3.01 Basic AMSFonts support
\@emptytoks=\toks23
\symAMSa=\mathgroup4
\symAMSb=\mathgroup5
LaTeX Font Info:    Redeclaring math symbol \hbar on input line 98.
LaTeX Font Info:    Overwriting math alphabet `\mathfrak' in version `bold'
(Font)                  U/euf/m/n --> U/euf/b/n on input line 106.
)) (D:\tex\tex/latex/colortbl\colortbl.sty
Package: colortbl 2024/02/20 v1.0g Color table columns (DPC)

(C:\Users\mruiz\AppData\Local\Programs\MiKTeX\tex/latex/tools\array.sty
Package: array 2023/10/16 v2.5g Tabular extension package (FMi)
\col@sep=\dimen161
\ar@mcellbox=\box56
\extrarowheight=\dimen162
\NC@list=\toks24
\extratabsurround=\skip82
\backup@length=\skip83
\ar@cellbox=\box57
)
\everycr=\toks25
\minrowclearance=\skip84
\rownum=\count288
)
(D:\tex\tex/latex/multirow\multirow.sty
Package: multirow 2021/03/15 v2.8 Span multiple rows of a table
\multirow@colwidth=\skip85
\multirow@cntb=\count289
\multirow@dima=\skip86
\bigstrutjot=\dimen163
))
(D:\tex\tex/latex/chapterfolder\chapterfolder.sty
Package: chapterfolder 2005/11/24 v2.0 Package for dealing with folder
\c@@cf@currentpos=\count290
)
(C:\Users\mruiz\AppData\Local\Programs\MiKTeX\tex/latex/listings\listings.sty
\lst@mode=\count291
\lst@gtempboxa=\box58
\lst@token=\toks26
\lst@length=\count292
\lst@currlwidth=\dimen164
\lst@column=\count293
\lst@pos=\count294
\lst@lostspace=\dimen165
\lst@width=\dimen166
\lst@newlines=\count295
\lst@lineno=\count296
\lst@maxwidth=\dimen167

(C:\Users\mruiz\AppData\Local\Programs\MiKTeX\tex/latex/listings\lstmisc.sty
File: lstmisc.sty 2023/02/27 1.9 (Carsten Heinz)
\c@lstnumber=\count297
\lst@skipnumbers=\count298
\lst@framebox=\box59
)
(C:\Users\mruiz\AppData\Local\Programs\MiKTeX\tex/latex/listings\listings.cfg
File: listings.cfg 2023/02/27 1.9 listings configuration
))
Package: listings 2023/02/27 1.9 (Carsten Heinz)
(D:\tex\tex/latex/keystroke\keystroke.sty
Package: keystroke 2010/04/23 v1.6 3D keystrokes (SuSE GmbH/RN)
\suse@key=\box60
\keystroke@left=\box61
\keystroke@right=\box62
\keystroke@middle=\box63
<keystroke_left.pdf, id=1, 42.1575pt x 195.73125pt>
File: keystroke_left.pdf Graphic file (type pdf)
<use keystroke_left.pdf>
Package pdftex.def Info: keystroke_left.pdf  used on input line 171.
(pdftex.def)             Requested size: 42.15738pt x 195.73076pt.
<keystroke_middle.pdf, id=2, 116.435pt x 195.73125pt>
File: keystroke_middle.pdf Graphic file (type pdf)
<use keystroke_middle.pdf>
Package pdftex.def Info: keystroke_middle.pdf  used on input line 172.
(pdftex.def)             Requested size: 116.43471pt x 195.73076pt.
<keystroke_right.pdf, id=3, 42.1575pt x 195.73125pt>
File: keystroke_right.pdf Graphic file (type pdf)
<use keystroke_right.pdf>
Package pdftex.def Info: keystroke_right.pdf  used on input line 173.
(pdftex.def)             Requested size: 42.15738pt x 195.73076pt.
)
(C:\Users\mruiz\AppData\Local\Programs\MiKTeX\tex/latex/pgf/utilities\pgfkeys.s
ty
(C:\Users\mruiz\AppData\Local\Programs\MiKTeX\tex/generic/pgf/utilities\pgfkeys
.code.tex
\pgfkeys@pathtoks=\toks27
\pgfkeys@temptoks=\toks28

(C:\Users\mruiz\AppData\Local\Programs\MiKTeX\tex/generic/pgf/utilities\pgfkeys
libraryfiltered.code.tex
\pgfkeys@tmptoks=\toks29
))) (D:\tex\tex/latex/fontawesome5\fontawesome5.sty
(C:\Users\mruiz\AppData\Local\Programs\MiKTeX\tex/latex/l3kernel\expl3.sty
Package: expl3 2024-01-04 L3 programming layer (loader) 

(C:\Users\mruiz\AppData\Local\Programs\MiKTeX\tex/latex/l3backend\l3backend-pdf
tex.def
File: l3backend-pdftex.def 2024-01-04 L3 backend support: PDF output (pdfTeX)
\l__color_backend_stack_int=\count299
\l__pdf_internal_box=\box64
))
Package: fontawesome5 2022/05/02 v5.15.4 Font Awesome 5

(C:\Users\mruiz\AppData\Local\Programs\MiKTeX\tex/latex/l3packages/l3keys2e\l3k
eys2e.sty
Package: l3keys2e 2023-10-10 LaTeX2e option processing using LaTeX3 keys
)
(C:\Users\mruiz\AppData\Local\Programs\MiKTeX\tex/latex/l3packages/xparse\xpars
e.sty
Package: xparse 2023-10-10 L3 Experimental document command parser
) (D:\tex\tex/latex/fontawesome5\fontawesome5-generic-helper.sty
Package: fontawesome5-generic-helper 2022/05/02 v5.15.4 non-uTeX helper for fon
tawesome5

(D:\tex\tex/latex/fontawesome5\fontawesome5-mapping.def)))
(C:\Users\mruiz\AppData\Local\Programs\MiKTeX\tex/latex/amsmath\amsmath.sty
Package: amsmath 2023/05/13 v2.17o AMS math features
\@mathmargin=\skip87

For additional information on amsmath, use the `?' option.
(C:\Users\mruiz\AppData\Local\Programs\MiKTeX\tex/latex/amsmath\amstext.sty
Package: amstext 2021/08/26 v2.01 AMS text

(C:\Users\mruiz\AppData\Local\Programs\MiKTeX\tex/latex/amsmath\amsgen.sty
File: amsgen.sty 1999/11/30 v2.0 generic functions
\@emptytoks=\toks30
\ex@=\dimen168
))
(C:\Users\mruiz\AppData\Local\Programs\MiKTeX\tex/latex/amsmath\amsbsy.sty
Package: amsbsy 1999/11/29 v1.2d Bold Symbols
\pmbraise@=\dimen169
)
(C:\Users\mruiz\AppData\Local\Programs\MiKTeX\tex/latex/amsmath\amsopn.sty
Package: amsopn 2022/04/08 v2.04 operator names
)
\inf@bad=\count300
LaTeX Info: Redefining \frac on input line 234.
\uproot@=\count301
\leftroot@=\count302
LaTeX Info: Redefining \overline on input line 399.
LaTeX Info: Redefining \colon on input line 410.
\classnum@=\count303
\DOTSCASE@=\count304
LaTeX Info: Redefining \ldots on input line 496.
LaTeX Info: Redefining \dots on input line 499.
LaTeX Info: Redefining \cdots on input line 620.
\Mathstrutbox@=\box65
\strutbox@=\box66
LaTeX Info: Redefining \big on input line 722.
LaTeX Info: Redefining \Big on input line 723.
LaTeX Info: Redefining \bigg on input line 724.
LaTeX Info: Redefining \Bigg on input line 725.
\big@size=\dimen170
LaTeX Font Info:    Redeclaring font encoding OML on input line 743.
LaTeX Font Info:    Redeclaring font encoding OMS on input line 744.
\macc@depth=\count305
LaTeX Info: Redefining \bmod on input line 905.
LaTeX Info: Redefining \pmod on input line 910.
LaTeX Info: Redefining \smash on input line 940.
LaTeX Info: Redefining \relbar on input line 970.
LaTeX Info: Redefining \Relbar on input line 971.
\c@MaxMatrixCols=\count306
\dotsspace@=\muskip17
\c@parentequation=\count307
\dspbrk@lvl=\count308
\tag@help=\toks31
\row@=\count309
\column@=\count310
\maxfields@=\count311
\andhelp@=\toks32
\eqnshift@=\dimen171
\alignsep@=\dimen172
\tagshift@=\dimen173
\tagwidth@=\dimen174
\totwidth@=\dimen175
\lineht@=\dimen176
\@envbody=\toks33
\multlinegap=\skip88
\multlinetaggap=\skip89
\mathdisplay@stack=\toks34
LaTeX Info: Redefining \[ on input line 2953.
LaTeX Info: Redefining \] on input line 2954.
))
(D:\tex\tex/latex/txfonts\txfonts.sty
Package: txfonts 2008/01/22 v3.2.1
LaTeX Font Info:    Redeclaring symbol font `operators' on input line 21.
LaTeX Font Info:    Overwriting symbol font `operators' in version `normal'
(Font)                  OT1/cmbr/m/n --> OT1/txr/m/n on input line 21.
LaTeX Font Info:    Overwriting symbol font `operators' in version `bold'
(Font)                  OT1/cmbr/m/n --> OT1/txr/m/n on input line 21.
LaTeX Font Info:    Overwriting symbol font `operators' in version `bold'
(Font)                  OT1/txr/m/n --> OT1/txr/bx/n on input line 22.
\symitalic=\mathgroup6
LaTeX Font Info:    Overwriting symbol font `italic' in version `bold'
(Font)                  OT1/txr/m/it --> OT1/txr/bx/it on input line 26.
LaTeX Font Info:    Redeclaring math alphabet \mathbf on input line 29.
LaTeX Font Info:    Overwriting math alphabet `\mathbf' in version `normal'
(Font)                  OT1/cmbr/bx/n --> OT1/txr/bx/n on input line 29.
LaTeX Font Info:    Overwriting math alphabet `\mathbf' in version `bold'
(Font)                  OT1/cmbr/bx/n --> OT1/txr/bx/n on input line 29.
LaTeX Font Info:    Redeclaring math alphabet \mathit on input line 30.
LaTeX Font Info:    Overwriting math alphabet `\mathit' in version `normal'
(Font)                  OT1/cmbr/m/sl --> OT1/txr/m/it on input line 30.
LaTeX Font Info:    Overwriting math alphabet `\mathit' in version `bold'
(Font)                  OT1/cmbr/m/sl --> OT1/txr/m/it on input line 30.
LaTeX Font Info:    Overwriting math alphabet `\mathit' in version `bold'
(Font)                  OT1/txr/m/it --> OT1/txr/bx/it on input line 31.
LaTeX Font Info:    Redeclaring math alphabet \mathsf on input line 40.
LaTeX Font Info:    Overwriting math alphabet `\mathsf' in version `normal'
(Font)                  OT1/cmss/m/n --> OT1/txss/m/n on input line 40.
LaTeX Font Info:    Overwriting math alphabet `\mathsf' in version `bold'
(Font)                  OT1/cmss/bx/n --> OT1/txss/m/n on input line 40.
LaTeX Font Info:    Overwriting math alphabet `\mathsf' in version `bold'
(Font)                  OT1/txss/m/n --> OT1/txss/b/n on input line 41.
LaTeX Font Info:    Redeclaring math alphabet \mathtt on input line 50.
LaTeX Font Info:    Overwriting math alphabet `\mathtt' in version `normal'
(Font)                  OT1/cmtl/m/n --> OT1/txtt/m/n on input line 50.
LaTeX Font Info:    Overwriting math alphabet `\mathtt' in version `bold'
(Font)                  OT1/cmtl/m/n --> OT1/txtt/m/n on input line 50.
LaTeX Font Info:    Overwriting math alphabet `\mathtt' in version `bold'
(Font)                  OT1/txtt/m/n --> OT1/txtt/b/n on input line 51.
LaTeX Font Info:    Redeclaring symbol font `letters' on input line 58.
LaTeX Font Info:    Overwriting symbol font `letters' in version `normal'
(Font)                  OML/cmbrm/m/it --> OML/txmi/m/it on input line 58.
LaTeX Font Info:    Overwriting symbol font `letters' in version `bold'
(Font)                  OML/cmbrm/b/it --> OML/txmi/m/it on input line 58.
LaTeX Font Info:    Overwriting symbol font `letters' in version `bold'
(Font)                  OML/txmi/m/it --> OML/txmi/bx/it on input line 59.
\symlettersA=\mathgroup7
LaTeX Font Info:    Overwriting symbol font `lettersA' in version `bold'
(Font)                  U/txmia/m/it --> U/txmia/bx/it on input line 67.
LaTeX Font Info:    Redeclaring math alphabet \mathfrak on input line 70.
LaTeX Font Info:    Redeclaring symbol font `symbols' on input line 77.
LaTeX Font Info:    Overwriting symbol font `symbols' in version `normal'
(Font)                  OMS/cmbrs/m/n --> OMS/txsy/m/n on input line 77.
LaTeX Font Info:    Overwriting symbol font `symbols' in version `bold'
(Font)                  OMS/cmbrs/m/n --> OMS/txsy/m/n on input line 77.
LaTeX Font Info:    Overwriting symbol font `symbols' in version `bold'
(Font)                  OMS/txsy/m/n --> OMS/txsy/bx/n on input line 78.
LaTeX Font Info:    Redeclaring symbol font `AMSa' on input line 93.
LaTeX Font Info:    Overwriting symbol font `AMSa' in version `normal'
(Font)                  U/msa/m/n --> U/txsya/m/n on input line 93.
LaTeX Font Info:    Overwriting symbol font `AMSa' in version `bold'
(Font)                  U/msa/m/n --> U/txsya/m/n on input line 93.
LaTeX Font Info:    Overwriting symbol font `AMSa' in version `bold'
(Font)                  U/txsya/m/n --> U/txsya/bx/n on input line 94.
LaTeX Font Info:    Redeclaring symbol font `AMSb' on input line 102.
LaTeX Font Info:    Overwriting symbol font `AMSb' in version `normal'
(Font)                  U/msb/m/n --> U/txsyb/m/n on input line 102.
LaTeX Font Info:    Overwriting symbol font `AMSb' in version `bold'
(Font)                  U/msb/m/n --> U/txsyb/m/n on input line 102.
LaTeX Font Info:    Overwriting symbol font `AMSb' in version `bold'
(Font)                  U/txsyb/m/n --> U/txsyb/bx/n on input line 103.
\symsymbolsC=\mathgroup8
LaTeX Font Info:    Overwriting symbol font `symbolsC' in version `bold'
(Font)                  U/txsyc/m/n --> U/txsyc/bx/n on input line 113.
LaTeX Font Info:    Redeclaring symbol font `largesymbols' on input line 120.
LaTeX Font Info:    Overwriting symbol font `largesymbols' in version `normal'
(Font)                  OMX/cmex/m/n --> OMX/txex/m/n on input line 120.
LaTeX Font Info:    Overwriting symbol font `largesymbols' in version `bold'
(Font)                  OMX/cmex/m/n --> OMX/txex/m/n on input line 120.
LaTeX Font Info:    Overwriting symbol font `largesymbols' in version `bold'
(Font)                  OMX/txex/m/n --> OMX/txex/bx/n on input line 121.
\symlargesymbolsA=\mathgroup9
LaTeX Font Info:    Overwriting symbol font `largesymbolsA' in version `bold'
(Font)                  U/txexa/m/n --> U/txexa/bx/n on input line 129.
LaTeX Font Info:    Redeclaring math symbol \mathsterling on input line 164.
LaTeX Info: Redefining \not on input line 1043.
) (config.tex)
LaTeX Font Info:    Trying to load font information for OT1+txss on input line 
19.

(D:\tex\tex/latex/txfonts\ot1txss.fd
File: ot1txss.fd 2000/12/15 v3.1
)
LaTeX Font Info:    Font shape `OT1/txss/m/n' will be
(Font)              scaled to size 9.49997pt on input line 19.
 (proyecto.aux
LaTeX Info: Redefining \. on input line 11.
LaTeX Info: Redefining \% on input line 11.
 (projectCharter.aux)
(1introduccion.aux) (2ModeloDelAlcance.aux) (3ModeloDelNegocio.aux)
(4ModeloDinamico.aux

LaTeX Warning: Label `UCX.introduceDatos' multiply defined.


LaTeX Warning: Label `UCX.introduceDatos' multiply defined.


LaTeX Warning: Label `UCX.introduceDatos' multiply defined.

) (5ModeloDeInteraccion.aux))
\openout1 = `proyecto.aux'.

LaTeX Font Info:    Checking defaults for OML/txmi/m/it on input line 19.
LaTeX Font Info:    Trying to load font information for OML+txmi on input line 
19.
 (D:\tex\tex/latex/txfonts\omltxmi.fd
File: omltxmi.fd 2000/12/15 v3.1
)
LaTeX Font Info:    ... okay on input line 19.
LaTeX Font Info:    Checking defaults for OMS/txsy/m/n on input line 19.
LaTeX Font Info:    Trying to load font information for OMS+txsy on input line 
19.

(D:\tex\tex/latex/txfonts\omstxsy.fd
File: omstxsy.fd 2000/12/15 v3.1
)
LaTeX Font Info:    ... okay on input line 19.
LaTeX Font Info:    Checking defaults for OT1/cmr/m/n on input line 19.
LaTeX Font Info:    ... okay on input line 19.
LaTeX Font Info:    Checking defaults for T1/cmr/m/n on input line 19.
LaTeX Font Info:    ... okay on input line 19.
LaTeX Font Info:    Checking defaults for TS1/cmr/m/n on input line 19.
LaTeX Font Info:    ... okay on input line 19.
LaTeX Font Info:    Checking defaults for OMX/txex/m/n on input line 19.
LaTeX Font Info:    Trying to load font information for OMX+txex on input line 
19.
 (D:\tex\tex/latex/txfonts\omxtxex.fd
File: omxtxex.fd 2000/12/15 v3.1
)
LaTeX Font Info:    ... okay on input line 19.
LaTeX Font Info:    Checking defaults for U/txexa/m/n on input line 19.
LaTeX Font Info:    Trying to load font information for U+txexa on input line 1
9.

(D:\tex\tex/latex/txfonts\utxexa.fd
File: utxexa.fd 2000/12/15 v3.1
)
LaTeX Font Info:    ... okay on input line 19.
LaTeX Font Info:    Checking defaults for PD1/pdf/m/n on input line 19.
LaTeX Font Info:    ... okay on input line 19.
LaTeX Font Info:    Checking defaults for PU/pdf/m/n on input line 19.
LaTeX Font Info:    ... okay on input line 19.
LaTeX Info: Redefining \. on input line 19.
LaTeX Info: Redefining \% on input line 19.

(C:\Users\mruiz\AppData\Local\Programs\MiKTeX\tex/context/base/mkii\supp-pdf.mk
ii
[Loading MPS to PDF converter (version 2006.09.02).]
\scratchcounter=\count312
\scratchdimen=\dimen177
\scratchbox=\box67
\nofMPsegments=\count313
\nofMParguments=\count314
\everyMPshowfont=\toks35
\MPscratchCnt=\count315
\MPscratchDim=\dimen178
\MPnumerator=\count316
\makeMPintoPDFobject=\count317
\everyMPtoPDFconversion=\toks36
)
(C:\Users\mruiz\AppData\Local\Programs\MiKTeX\tex/latex/epstopdf-pkg\epstopdf-b
ase.sty
Package: epstopdf-base 2020-01-24 v2.11 Base part for package epstopdf
Package epstopdf-base Info: Redefining graphics rule for `.eps' on input line 4
85.

(C:\Users\mruiz\AppData\Local\Programs\MiKTeX\tex/latex/00miktex\epstopdf-sys.c
fg
File: epstopdf-sys.cfg 2021/03/18 v2.0 Configuration of epstopdf for MiKTeX
))
*geometry* driver: auto-detecting
*geometry* detected driver: pdftex
*geometry* verbose mode - [ preamble ] result:
* driver: pdftex
* paper: <default>
* layout: <same size as paper>
* layoutoffset:(h,v)=(0.0pt,0.0pt)
* modes: twoside 
* h-part:(L,W,R)=(56.9055pt, 500.484pt, 56.9055pt)
* v-part:(T,H,B)=(99.58464pt, 595.8007pt, 99.58464pt)
* \paperwidth=614.295pt
* \paperheight=794.96999pt
* \textwidth=500.484pt
* \textheight=595.8007pt
* \oddsidemargin=-15.36449pt
* \evensidemargin=-15.36449pt
* \topmargin=-47.65834pt
* \headheight=56.9055pt
* \headsep=18.06749pt
* \topskip=10.0pt
* \footskip=25.29494pt
* \marginparwidth=125.0pt
* \marginparsep=7.0pt
* \columnsep=10.0pt
* \skip\footins=9.0pt plus 4.0pt minus 2.0pt
* \hoffset=0.0pt
* \voffset=0.0pt
* \mag=1000
* \@twocolumnfalse
* \@twosidetrue
* \@mparswitchtrue
* \@reversemarginfalse
* (1in=72.27pt=25.4mm, 1cm=28.453pt)

Package hyperref Info: Link coloring ON on input line 19.
(proyecto.out) (proyecto.out)
\@outlinefile=\write3
\openout3 = `proyecto.out'.

\c@lstlisting=\count318
LaTeX Font Info:    Font shape `OT1/txss/m/n' will be
(Font)              scaled to size 16.41594pt on input line 24.
LaTeX Font Info:    Font shape `OT1/txss/m/n' will be
(Font)              scaled to size 23.63593pt on input line 24.
LaTeX Font Info:    Font shape `OT1/txss/m/n' will be
(Font)              scaled to size 11.39996pt on input line 24.
LaTeX Font Info:    Trying to load font information for OT1+txr on input line 2
4.
 (D:\tex\tex/latex/txfonts\ot1txr.fd
File: ot1txr.fd 2000/12/15 v3.1
)
LaTeX Font Info:    Trying to load font information for U+txsya on input line 2
4.

(D:\tex\tex/latex/txfonts\utxsya.fd
File: utxsya.fd 2000/12/15 v3.1
)
LaTeX Font Info:    Trying to load font information for U+txsyb on input line 2
4.
 (D:\tex\tex/latex/txfonts\utxsyb.fd
File: utxsyb.fd 2000/12/15 v3.1
)
LaTeX Font Info:    Trying to load font information for U+txmia on input line 2
4.

(D:\tex\tex/latex/txfonts\utxmia.fd
File: utxmia.fd 2000/12/15 v3.1
)
LaTeX Font Info:    Trying to load font information for U+txsyc on input line 2
4.
 (D:\tex\tex/latex/txfonts\utxsyc.fd
File: utxsyc.fd 2000/12/15 v3.1
)
<theme/bannerAzul.png, id=306, 711.1368pt x 336.7782pt>
File: theme/bannerAzul.png Graphic file (type png)
<use theme/bannerAzul.png>
Package pdftex.def Info: theme/bannerAzul.png  used on input line 24.
(pdftex.def)             Requested size: 614.30019pt x 290.91858pt.

[1


{C:/Users/mruiz/AppData/Local/MiKTeX/fonts/map/pdftex/pdftex.map}{C:/Users/mrui
z/AppData/Local/Programs/MiKTeX/fonts/enc/dvips/base/8r.enc} <./theme/bannerAzu
l.png>] [2

]
LaTeX Font Info:    Font shape `OT1/txss/m/n' will be
(Font)              scaled to size 13.67995pt on input line 27.
 (proyecto.toc
LaTeX Info: Redefining \. on input line 1.
LaTeX Info: Redefining \% on input line 1.
LaTeX Font Info:    Font shape `OT1/txss/b/n' will be
(Font)              scaled to size 9.49997pt on input line 2.
LaTeX Font Info:    Font shape `OT1/txss/m/sc' will be
(Font)              scaled to size 9.49997pt on input line 34.
 [1

])
\tf@toc=\write4
\openout4 = `proyecto.toc'.

<theme/headerPar.png, id=401, 1204.5pt x 200.75pt>
File: theme/headerPar.png Graphic file (type png)
<use theme/headerPar.png>
Package pdftex.def Info: theme/headerPar.png  used on input line 28.
(pdftex.def)             Requested size: 210.00035pt x 35.0pt.
LaTeX Font Info:    Font shape `OT1/txss/m/n' will be
(Font)              scaled to size 7.59998pt on input line 28.
LaTeX Font Info:    Font shape `OT1/txss/m/sc' will be
(Font)              scaled to size 7.59998pt on input line 28.
LaTeX Font Info:    Font shape `OT1/txss/m/n' will be
(Font)              scaled to size 4.74998pt on input line 28.
LaTeX Font Info:    Font shape `OT1/txss/m/it' in size <5> not available
(Font)              Font shape `OT1/txss/m/sl' tried instead on input line 28.
LaTeX Font Info:    Font shape `OT1/txss/m/sl' will be
(Font)              scaled to size 4.74998pt on input line 28.
LaTeX Font Info:    Trying to load font information for U+mvs on input line 28.

 (D:\tex\tex/latex/marvosym\umvs.fd) [2 <./theme/headerPar.png>] (proyecto.lof
LaTeX Info: Redefining \. on input line 1.
LaTeX Info: Redefining \% on input line 1.
)
\tf@lof=\write5
\openout5 = `proyecto.lof'.

 [3

]
File: theme/headerPar.png Graphic file (type png)
<use theme/headerPar.png>
Package pdftex.def Info: theme/headerPar.png  used on input line 29.
(pdftex.def)             Requested size: 210.00035pt x 35.0pt.
 [4

] (proyecto.lot
LaTeX Info: Redefining \. on input line 1.
LaTeX Info: Redefining \% on input line 1.
)
\tf@lot=\write6
\openout6 = `proyecto.lot'.

 [5]
\openout2 = `projectCharter.aux'.

 (projectCharter.tex
File: theme/headerPar.png Graphic file (type png)
<use theme/headerPar.png>
Package pdftex.def Info: theme/headerPar.png  used on input line 11.
(pdftex.def)             Requested size: 210.00035pt x 35.0pt.
[6


]
LaTeX Font Info:    Trying to load font information for TS1+txss on input line 
35.
 (D:\tex\tex/latex/txfonts\ts1txss.fd
File: ts1txss.fd 2000/12/15 v3.1
)
LaTeX Font Info:    Font shape `TS1/txss/m/n' will be
(Font)              scaled to size 9.49997pt on input line 35.
)
<theme/headerInp.png, id=456, 1204.5pt x 200.75pt>
File: theme/headerInp.png Graphic file (type png)
<use theme/headerInp.png>
Package pdftex.def Info: theme/headerInp.png  used on input line 31.
(pdftex.def)             Requested size: 210.00035pt x 35.0pt.
 [7 <./theme/headerInp.png>]
File: theme/headerPar.png Graphic file (type png)
<use theme/headerPar.png>
Package pdftex.def Info: theme/headerPar.png  used on input line 33.
(pdftex.def)             Requested size: 210.00035pt x 35.0pt.
 [8



]
\openout2 = `1introduccion.aux'.


(1introduccion.tex
Cap\'{\i }tulo 1.
LaTeX Font Info:    Font shape `OT1/txss/m/it' in size <10> not available
(Font)              Font shape `OT1/txss/m/sl' tried instead on input line 9.
LaTeX Font Info:    Font shape `OT1/txss/m/sl' will be
(Font)              scaled to size 9.49997pt on input line 9.
LaTeX Font Info:    Font shape `OT1/txss/b/n' will be
(Font)              scaled to size 13.67995pt on input line 13.

LaTeX Warning: Reference `cap:reqUsr' on page 1 undefined on input line 30.

)
pdfTeX warning (ext4): destination with the same identifier (name{page.1}) has 
been already used, duplicate ignored
<to be read again> 
                   \relax 
l.39 \include{1introduccion}
                            
<theme/plecaAyD.png, id=469, 1085.0136pt x 155.6214pt>
File: theme/plecaAyD.png Graphic file (type png)
<use theme/plecaAyD.png>
Package pdftex.def Info: theme/plecaAyD.png  used on input line 39.
(pdftex.def)             Requested size: 614.29208pt x 88.1067pt.
 [1


 <./theme/plecaAyD.png>]
\openout2 = `2ModeloDelAlcance.aux'.

 (2ModeloDelAlcance.tex
File: theme/headerPar.png Graphic file (type png)
<use theme/headerPar.png>
Package pdftex.def Info: theme/headerPar.png  used on input line 4.
(pdftex.def)             Requested size: 210.00035pt x 35.0pt.

pdfTeX warning (ext4): destination with the same identifier (name{page.2}) has 
been already used, duplicate ignored
<to be read again> 
                   \relax 
l.4 \chapter
            {Modelo del alcance}
File: theme/plecaAyD.png Graphic file (type png)
<use theme/plecaAyD.png>
Package pdftex.def Info: theme/plecaAyD.png  used on input line 4.
(pdftex.def)             Requested size: 614.29208pt x 88.1067pt.
 [2




]
Cap\'{\i }tulo 2.
LaTeX Font Info:    Font shape `OT1/txss/b/n' will be
(Font)              scaled to size 11.39996pt on input line 18.
LaTeX Font Info:    Font shape `OT1/txss/m/n' will be
(Font)              scaled to size 6.64998pt on input line 37.
LaTeX Font Info:    Font shape `OT1/txss/m/n' will be
(Font)              scaled to size 5.69998pt on input line 37.
File: theme/plecaAyD.png Graphic file (type png)
<use theme/plecaAyD.png>
Package pdftex.def Info: theme/plecaAyD.png  used on input line 52.
(pdftex.def)             Requested size: 614.29208pt x 88.1067pt.
[3]
<images/organigramaEm.png, id=485, 525.6438pt x 250.536pt>
File: images/organigramaEm.png Graphic file (type png)
<use images/organigramaEm.png>
Package pdftex.def Info: images/organigramaEm.png  used on input line 124.
(pdftex.def)             Requested size: 400.38872pt x 190.84131pt.
File: theme/headerPar.png Graphic file (type png)
<use theme/headerPar.png>
Package pdftex.def Info: theme/headerPar.png  used on input line 136.
(pdftex.def)             Requested size: 210.00035pt x 35.0pt.
File: theme/plecaAyD.png Graphic file (type png)
<use theme/plecaAyD.png>
Package pdftex.def Info: theme/plecaAyD.png  used on input line 136.
(pdftex.def)             Requested size: 614.29208pt x 88.1067pt.
 [4]
<images/mapa.jpg, id=490, 640.3925pt x 480.79625pt>
File: images/mapa.jpg Graphic file (type jpg)
<use images/mapa.jpg>
Package pdftex.def Info: images/mapa.jpg  used on input line 140.
(pdftex.def)             Requested size: 400.38872pt x 300.60695pt.
LaTeX Font Info:    Font shape `OT1/txss/b/n' will be
(Font)              scaled to size 7.59998pt on input line 157.

Overfull \hbox (5.88156pt too wide) in paragraph at lines 160--160
[]|\OT1/txss/m/n/10 Iter.[]| 
 []


Overfull \hbox (2.03964pt too wide) in paragraph at lines 160--160
[]|\OT1/txss/b/n/10 TODO[]| 
 []


Underfull \hbox (badness 10000) in paragraph at lines 178--178

 []

File: theme/headerInp.png Graphic file (type png)
<use theme/headerInp.png>
Package pdftex.def Info: theme/headerInp.png  used on input line 178.
(pdftex.def)             Requested size: 210.00035pt x 35.0pt.
File: theme/plecaAyD.png Graphic file (type png)
<use theme/plecaAyD.png>
Package pdftex.def Info: theme/plecaAyD.png  used on input line 178.
(pdftex.def)             Requested size: 614.29208pt x 88.1067pt.
[5 <./images/organigramaEm.png>]
File: theme/headerPar.png Graphic file (type png)
<use theme/headerPar.png>
Package pdftex.def Info: theme/headerPar.png  used on input line 178.
(pdftex.def)             Requested size: 210.00035pt x 35.0pt.
File: theme/plecaAyD.png Graphic file (type png)
<use theme/plecaAyD.png>
Package pdftex.def Info: theme/plecaAyD.png  used on input line 178.
(pdftex.def)             Requested size: 614.29208pt x 88.1067pt.
 [6 <./images/mapa.jpg>]
<images/arquitectura.png, id=503, 699.5736pt x 609.9588pt>
File: images/arquitectura.png Graphic file (type png)
<use images/arquitectura.png>
Package pdftex.def Info: images/arquitectura.png  used on input line 182.
(pdftex.def)             Requested size: 300.29344pt x 261.82112pt.
)
File: theme/headerInp.png Graphic file (type png)
<use theme/headerInp.png>
Package pdftex.def Info: theme/headerInp.png  used on input line 42.
(pdftex.def)             Requested size: 210.00035pt x 35.0pt.
File: theme/plecaAyD.png Graphic file (type png)
<use theme/plecaAyD.png>
Package pdftex.def Info: theme/plecaAyD.png  used on input line 42.
(pdftex.def)             Requested size: 614.29208pt x 88.1067pt.
 [7 <./images/arquitectura.png>]
\openout2 = `3ModeloDelNegocio.aux'.

 (3ModeloDelNegocio.tex
File: theme/headerPar.png Graphic file (type png)
<use theme/headerPar.png>
Package pdftex.def Info: theme/headerPar.png  used on input line 4.
(pdftex.def)             Requested size: 210.00035pt x 35.0pt.
File: theme/plecaAyD.png Graphic file (type png)
<use theme/plecaAyD.png>
Package pdftex.def Info: theme/plecaAyD.png  used on input line 4.
(pdftex.def)             Requested size: 614.29208pt x 88.1067pt.
 [8




]
Cap\'{\i }tulo 3.
<cdt/images/actorRule.png, id=514, 1401.0744pt x 130.086pt>
File: cdt/images/actorRule.png Graphic file (type png)
<use cdt/images/actorRule.png>
Package pdftex.def Info: cdt/images/actorRule.png  used on input line 17.
(pdftex.def)             Requested size: 500.484pt x 46.46767pt.
File: theme/plecaAyD.png Graphic file (type png)
<use theme/plecaAyD.png>
Package pdftex.def Info: theme/plecaAyD.png  used on input line 45.
(pdftex.def)             Requested size: 614.29208pt x 88.1067pt.
[9 <./cdt/images/actorRule.png>]
<images/modeloDelDominioDelProblema.png, id=531, 1762.4244pt x 1340.8494pt>
File: images/modeloDelDominioDelProblema.png Graphic file (type png)
<use images/modeloDelDominioDelProblema.png>
Package pdftex.def Info: images/modeloDelDominioDelProblema.png  used on input 
line 73.
(pdftex.def)             Requested size: 1762.42012pt x 1340.84613pt.


LaTeX Warning: Float too large for page by 63.71478pt on input line 77.

<cdt/images/classRule.png, id=532, 1930.5726pt x 130.086pt>
File: cdt/images/classRule.png Graphic file (type png)
<use cdt/images/classRule.png>
Package pdftex.def Info: cdt/images/classRule.png  used on input line 79.
(pdftex.def)             Requested size: 500.484pt x 33.7223pt.

Overfull \hbox (3.92613pt too wide) in paragraph at lines 79--79
[]|\OT1/txss/m/n/10 Requerido| 
 []

File: theme/headerPar.png Graphic file (type png)
<use theme/headerPar.png>
Package pdftex.def Info: theme/headerPar.png  used on input line 100.
(pdftex.def)             Requested size: 210.00035pt x 35.0pt.
File: theme/plecaAyD.png Graphic file (type png)
<use theme/plecaAyD.png>
Package pdftex.def Info: theme/plecaAyD.png  used on input line 100.
(pdftex.def)             Requested size: 614.29208pt x 88.1067pt.
[10 <./cdt/images/classRule.png>]
File: cdt/images/classRule.png Graphic file (type png)
<use cdt/images/classRule.png>
Package pdftex.def Info: cdt/images/classRule.png  used on input line 103.
(pdftex.def)             Requested size: 500.484pt x 33.7223pt.

Overfull \hbox (3.92613pt too wide) in paragraph at lines 103--103
[]|\OT1/txss/m/n/10 Requerido| 
 []

(3-1-reglas.tex
LaTeX Font Info:    Trying to load font information for U+fontawesomefree2 on i
nput line 12.
 (D:\tex\tex/latex/fontawesome5\ufontawesomefree2.fd)
LaTeX Font Info:    Trying to load font information for U+fontawesomefree1 on i
nput line 12.

(D:\tex\tex/latex/fontawesome5\ufontawesomefree1.fd)
LaTeX Font Info:    Trying to load font information for U+fontawesomefree0 on i
nput line 12.

(D:\tex\tex/latex/fontawesome5\ufontawesomefree0.fd)
Overfull \hbox (2.5624pt too wide) in paragraph at lines 12--12
[] 
 []

)
File: theme/headerInp.png Graphic file (type png)
<use theme/headerInp.png>
Package pdftex.def Info: theme/headerInp.png  used on input line 120.
(pdftex.def)             Requested size: 210.00035pt x 35.0pt.
File: theme/plecaAyD.png Graphic file (type png)
<use theme/plecaAyD.png>
Package pdftex.def Info: theme/plecaAyD.png  used on input line 120.
(pdftex.def)             Requested size: 614.29208pt x 88.1067pt.
 [11{D:/tex/fonts/enc/dvips/fontawesome5/fa5free2.enc}{D:/tex/fonts/enc/dvips/f
ontawesome5/fa5free1.enc}{D:/tex/fonts/enc/dvips/fontawesome5/fa5free0.enc}]
File: theme/headerPar.png Graphic file (type png)
<use theme/headerPar.png>
Package pdftex.def Info: theme/headerPar.png  used on input line 120.
(pdftex.def)             Requested size: 210.00035pt x 35.0pt.
File: theme/plecaAyD.png Graphic file (type png)
<use theme/plecaAyD.png>
Package pdftex.def Info: theme/plecaAyD.png  used on input line 120.
(pdftex.def)             Requested size: 614.29208pt x 88.1067pt.

[12 <./images/modeloDelDominioDelProblema.png>] (3-2-estados.tex
<images/edoPrestamo.png, id=595, 408.52625pt x 226.8475pt>
File: images/edoPrestamo.png Graphic file (type png)
<use images/edoPrestamo.png>
Package pdftex.def Info: images/edoPrestamo.png  used on input line 12.
(pdftex.def)             Requested size: 350.33727pt x 194.54506pt.
)
<images/mapaProc.png, id=597, 825.83531pt x 546.54187pt>
File: images/mapaProc.png Graphic file (type png)
<use images/mapaProc.png>
Package pdftex.def Info: images/mapaProc.png  used on input line 133.
(pdftex.def)             Requested size: 400.38872pt x 264.98074pt.

(proc/proc01.tex
<images/proceso1.png, id=598, 1072.005pt x 760.8425pt>
File: images/proceso1.png Graphic file (type png)
<use images/proceso1.png>
Package pdftex.def Info: images/proceso1.png  used on input line 11.
(pdftex.def)             Requested size: 350.33727pt x 248.6408pt.
File: theme/headerInp.png Graphic file (type png)
<use theme/headerInp.png>
Package pdftex.def Info: theme/headerInp.png  used on input line 15.
(pdftex.def)             Requested size: 210.00035pt x 35.0pt.
File: theme/plecaAyD.png Graphic file (type png)
<use theme/plecaAyD.png>
Package pdftex.def Info: theme/plecaAyD.png  used on input line 15.
(pdftex.def)             Requested size: 614.29208pt x 88.1067pt.
 [13 <./images/edoPrestamo.png>]
File: theme/headerPar.png Graphic file (type png)
<use theme/headerPar.png>
Package pdftex.def Info: theme/headerPar.png  used on input line 15.
(pdftex.def)             Requested size: 210.00035pt x 35.0pt.
File: theme/plecaAyD.png Graphic file (type png)
<use theme/plecaAyD.png>
Package pdftex.def Info: theme/plecaAyD.png  used on input line 15.
(pdftex.def)             Requested size: 614.29208pt x 88.1067pt.
 [14 <./images/mapaProc.png>])
File: images/mapaProc.png Graphic file (type png)
<use images/mapaProc.png>
Package pdftex.def Info: images/mapaProc.png  used on input line 153.
(pdftex.def)             Requested size: 400.38872pt x 264.98074pt.

(proc/proc-m01.tex
File: theme/headerInp.png Graphic file (type png)
<use theme/headerInp.png>
Package pdftex.def Info: theme/headerInp.png  used on input line 2.
(pdftex.def)             Requested size: 210.00035pt x 35.0pt.
File: theme/plecaAyD.png Graphic file (type png)
<use theme/plecaAyD.png>
Package pdftex.def Info: theme/plecaAyD.png  used on input line 2.
(pdftex.def)             Requested size: 614.29208pt x 88.1067pt.
 [15 <./images/proceso1.png>]
File: theme/headerPar.png Graphic file (type png)
<use theme/headerPar.png>
Package pdftex.def Info: theme/headerPar.png  used on input line 2.
(pdftex.def)             Requested size: 210.00035pt x 35.0pt.
File: theme/plecaAyD.png Graphic file (type png)
<use theme/plecaAyD.png>
Package pdftex.def Info: theme/plecaAyD.png  used on input line 2.
(pdftex.def)             Requested size: 614.29208pt x 88.1067pt.
 [16]
<images/proceso3.png, id=621, 993.7125pt x 447.6725pt>
File: images/proceso3.png Graphic file (type png)
<use images/proceso3.png>
Package pdftex.def Info: images/proceso3.png  used on input line 6.
(pdftex.def)             Requested size: 400.38872pt x 180.37737pt.
))
File: theme/headerInp.png Graphic file (type png)
<use theme/headerInp.png>
Package pdftex.def Info: theme/headerInp.png  used on input line 45.
(pdftex.def)             Requested size: 210.00035pt x 35.0pt.
File: theme/plecaAyD.png Graphic file (type png)
<use theme/plecaAyD.png>
Package pdftex.def Info: theme/plecaAyD.png  used on input line 45.
(pdftex.def)             Requested size: 614.29208pt x 88.1067pt.
 [17 <./images/proceso3.png>]
\openout2 = `4ModeloDinamico.aux'.

 (4ModeloDinamico.tex
File: theme/headerPar.png Graphic file (type png)
<use theme/headerPar.png>
Package pdftex.def Info: theme/headerPar.png  used on input line 4.
(pdftex.def)             Requested size: 210.00035pt x 35.0pt.
File: theme/plecaAyD.png Graphic file (type png)
<use theme/plecaAyD.png>
Package pdftex.def Info: theme/plecaAyD.png  used on input line 4.
(pdftex.def)             Requested size: 614.29208pt x 88.1067pt.
 [18




]
Cap\'{\i }tulo 4.
<images/casosDeUso.png, id=641, 726.5544pt x 370.0224pt>
File: images/casosDeUso.png Graphic file (type png)
<use images/casosDeUso.png>
Package pdftex.def Info: images/casosDeUso.png  used on input line 13.
(pdftex.def)             Requested size: 400.38872pt x 203.9138pt.
<images/casosDeUsoDetalle.png, id=642, 1653.0558pt x 995.3988pt>
File: images/casosDeUsoDetalle.png Graphic file (type png)
<use images/casosDeUsoDetalle.png>
Package pdftex.def Info: images/casosDeUsoDetalle.png  used on input line 21.
(pdftex.def)             Requested size: 1653.05179pt x 995.39638pt.

LaTeX Warning: Float too large for page by 20.5961pt on input line 25.

(cu/CU1.tex
File: theme/plecaAyD.png Graphic file (type png)
<use theme/plecaAyD.png>
Package pdftex.def Info: theme/plecaAyD.png  used on input line 10.
(pdftex.def)             Requested size: 614.29208pt x 88.1067pt.
 [19 <./images/casosDeUso.png>]
File: theme/headerPar.png Graphic file (type png)
<use theme/headerPar.png>
Package pdftex.def Info: theme/headerPar.png  used on input line 10.
(pdftex.def)             Requested size: 210.00035pt x 35.0pt.
File: theme/plecaAyD.png Graphic file (type png)
<use theme/plecaAyD.png>
Package pdftex.def Info: theme/plecaAyD.png  used on input line 10.
(pdftex.def)             Requested size: 614.29208pt x 88.1067pt.
 [20 <./images/casosDeUsoDetalle.png>]
File: theme/headerInp.png Graphic file (type png)
<use theme/headerInp.png>
Package pdftex.def Info: theme/headerInp.png  used on input line 10.
(pdftex.def)             Requested size: 210.00035pt x 35.0pt.
File: theme/plecaAyD.png Graphic file (type png)
<use theme/plecaAyD.png>
Package pdftex.def Info: theme/plecaAyD.png  used on input line 10.
(pdftex.def)             Requested size: 614.29208pt x 88.1067pt.
 [21]
<cdt/images/cuRule.png, id=658, 926.46124pt x 57.21375pt>
File: cdt/images/cuRule.png Graphic file (type png)
<use cdt/images/cuRule.png>
Package pdftex.def Info: cdt/images/cuRule.png  used on input line 10.
(pdftex.def)             Requested size: 550.53545pt x 33.9985pt.

Overfull \hbox (50.05145pt too wide) in paragraph at lines 10--10
[][] 
 []


LaTeX Warning: Reference `UC1.etiqueta' on page 22 undefined on input line 64.


Underfull \hbox (badness 10000) in paragraph at lines 82--82

 []

File: theme/headerPar.png Graphic file (type png)
<use theme/headerPar.png>
Package pdftex.def Info: theme/headerPar.png  used on input line 87.
(pdftex.def)             Requested size: 210.00035pt x 35.0pt.
File: theme/plecaAyD.png Graphic file (type png)
<use theme/plecaAyD.png>
Package pdftex.def Info: theme/plecaAyD.png  used on input line 87.
(pdftex.def)             Requested size: 614.29208pt x 88.1067pt.
[22 <./cdt/images/cuRule.png>]
<cdt/images/iu.png, id=679, 61.22874pt x 55.20625pt>
File: cdt/images/iu.png Graphic file (type png)
<use cdt/images/iu.png>
Package pdftex.def Info: cdt/images/iu.png  used on input line 88.
(pdftex.def)             Requested size: 11.09076pt x 10.0pt.
LaTeX Font Info:    Trying to load font information for U+fontawesomefree3 on i
nput line 92.

(D:\tex\tex/latex/fontawesome5\ufontawesomefree3.fd)
File: cdt/images/iu.png Graphic file (type png)
<use cdt/images/iu.png>
Package pdftex.def Info: cdt/images/iu.png  used on input line 94.
(pdftex.def)             Requested size: 11.09076pt x 10.0pt.
LaTeX Font Info:    Font shape `OT1/txss/m/n' will be
(Font)              scaled to size 8.54997pt on input line 100.
LaTeX Font Info:    Font shape `OT1/txss/b/n' will be
(Font)              scaled to size 8.54997pt on input line 100.
<cdt/images/usecase.png, id=687, 91.34125pt x 61.22874pt>
File: cdt/images/usecase.png Graphic file (type png)
<use cdt/images/usecase.png>
Package pdftex.def Info: cdt/images/usecase.png  used on input line 101.
(pdftex.def)             Requested size: 16.40865pt x 11.0pt.


LaTeX Warning: Reference `CUX.etiqueta' on page 23 undefined on input line 123.



LaTeX Warning: Reference `CUX.etiqueta' on page 23 undefined on input line 123.


) (cu/CU2.tex
File: theme/headerInp.png Graphic file (type png)
<use theme/headerInp.png>
Package pdftex.def Info: theme/headerInp.png  used on input line 10.
(pdftex.def)             Requested size: 210.00035pt x 35.0pt.
File: theme/plecaAyD.png Graphic file (type png)
<use theme/plecaAyD.png>
Package pdftex.def Info: theme/plecaAyD.png  used on input line 10.
(pdftex.def)             Requested size: 614.29208pt x 88.1067pt.
 [23{D:/tex/fonts/enc/dvips/fontawesome5/fa5free3.enc} <D:/tex/tex/latex/keystr
oke/keystroke_left.pdf> <D:/tex/tex/latex/keystroke/keystroke_middle.pdf> <D:/t
ex/tex/latex/keystroke/keystroke_right.pdf> <./cdt/images/iu.png> <./cdt/images
/usecase.png>]
File: cdt/images/cuRule.png Graphic file (type png)
<use cdt/images/cuRule.png>
Package pdftex.def Info: cdt/images/cuRule.png  used on input line 10.
(pdftex.def)             Requested size: 550.53545pt x 33.9985pt.

Overfull \hbox (50.05145pt too wide) in paragraph at lines 10--10
[][] 
 []

File: cdt/images/iu.png Graphic file (type png)
<use cdt/images/iu.png>
Package pdftex.def Info: cdt/images/iu.png  used on input line 58.
(pdftex.def)             Requested size: 11.09076pt x 10.0pt.

! LaTeX Error: Lonely \item--perhaps a missing list environment.

See the LaTeX manual or LaTeX Companion for explanation.
Type  H <return>  for immediate help.
 ...                                              
                                                  
l.65 	}
       \UCitem{Postcondiciones}{\begin{Titemize}
Try typing  <return>  to proceed.
If that doesn't work, type  X <return>  to quit.


Underfull \hbox (badness 10000) detected at line 65
[][]
 []


LaTeX Warning: Reference `UC1.etiqueta' on page 24 undefined on input line 84.

File: theme/headerPar.png Graphic file (type png)
<use theme/headerPar.png>
Package pdftex.def Info: theme/headerPar.png  used on input line 99.
(pdftex.def)             Requested size: 210.00035pt x 35.0pt.
File: theme/plecaAyD.png Graphic file (type png)
<use theme/plecaAyD.png>
Package pdftex.def Info: theme/plecaAyD.png  used on input line 99.
(pdftex.def)             Requested size: 614.29208pt x 88.1067pt.
[24]
Underfull \hbox (badness 10000) in paragraph at lines 102--102

 []

File: cdt/images/iu.png Graphic file (type png)
<use cdt/images/iu.png>
Package pdftex.def Info: cdt/images/iu.png  used on input line 108.
(pdftex.def)             Requested size: 11.09076pt x 10.0pt.

pdfTeX warning (ext4): destination with the same identifier (name{CUX.LETRA}) h
as been already used, duplicate ignored
<to be read again> 
                   \relax 
l.124 ...que hace que se ejecute esta trayectoria}
                                                  
File: cdt/images/usecase.png Graphic file (type png)
<use cdt/images/usecase.png>
Package pdftex.def Info: cdt/images/usecase.png  used on input line 125.
(pdftex.def)             Requested size: 16.40865pt x 11.0pt.


LaTeX Warning: Reference `CUX.etiqueta' on page 25 undefined on input line 147.



LaTeX Warning: Reference `CUX.etiqueta' on page 25 undefined on input line 147.


) (cu/CU3.tex
File: theme/headerInp.png Graphic file (type png)
<use theme/headerInp.png>
Package pdftex.def Info: theme/headerInp.png  used on input line 10.
(pdftex.def)             Requested size: 210.00035pt x 35.0pt.
File: theme/plecaAyD.png Graphic file (type png)
<use theme/plecaAyD.png>
Package pdftex.def Info: theme/plecaAyD.png  used on input line 10.
(pdftex.def)             Requested size: 614.29208pt x 88.1067pt.
 [25
pdfTeX warning (ext4): destination with the same identifier (name{CU2.E1}) has 
been already used, duplicate ignored
<argument> ...shipout:D \box_use:N \l_shipout_box 
                                                  \__shipout_drop_firstpage_...
l.10 }
      ]
File: cdt/images/cuRule.png Graphic file (type png)
<use cdt/images/cuRule.png>
Package pdftex.def Info: cdt/images/cuRule.png  used on input line 10.
(pdftex.def)             Requested size: 550.53545pt x 33.9985pt.

Overfull \hbox (50.05145pt too wide) in paragraph at lines 10--10
[][] 
 []

File: cdt/images/iu.png Graphic file (type png)
<use cdt/images/iu.png>
Package pdftex.def Info: cdt/images/iu.png  used on input line 45.
(pdftex.def)             Requested size: 11.09076pt x 10.0pt.

pdfTeX warning (ext4): destination with the same identifier (name{CUX.E1}) has 
been already used, duplicate ignored
<to be read again> 
                   \relax 
l.68 	}
       \UCitem{Tipo}{

LaTeX Warning: Reference `UC1.etiqueta' on page 26 undefined on input line 68.


pdfTeX warning (ext4): destination with the same identifier (name{CUX.E2}) has 
been already used, duplicate ignored
<to be read again> 
                   \relax 
l.68 	}
       \UCitem{Tipo}{
Underfull \hbox (badness 10000) in paragraph at lines 86--86

 []

<cdt/images/actor.png, id=789, 96.36pt x 74.2775pt>
File: cdt/images/actor.png Graphic file (type png)
<use cdt/images/actor.png>
Package pdftex.def Info: cdt/images/actor.png  used on input line 91.
(pdftex.def)             Requested size: 14.26958pt x 11.0pt.
File: cdt/images/usecase.png Graphic file (type png)
<use cdt/images/usecase.png>
Package pdftex.def Info: cdt/images/usecase.png  used on input line 91.
(pdftex.def)             Requested size: 16.40865pt x 11.0pt.
File: cdt/images/actor.png Graphic file (type png)
<use cdt/images/actor.png>
Package pdftex.def Info: cdt/images/actor.png  used on input line 92.
(pdftex.def)             Requested size: 14.26958pt x 11.0pt.
File: cdt/images/usecase.png Graphic file (type png)
<use cdt/images/usecase.png>
Package pdftex.def Info: cdt/images/usecase.png  used on input line 94.
(pdftex.def)             Requested size: 16.40865pt x 11.0pt.
File: cdt/images/iu.png Graphic file (type png)
<use cdt/images/iu.png>
Package pdftex.def Info: cdt/images/iu.png  used on input line 94.
(pdftex.def)             Requested size: 11.09076pt x 10.0pt.
File: theme/headerPar.png Graphic file (type png)
<use theme/headerPar.png>
Package pdftex.def Info: theme/headerPar.png  used on input line 96.
(pdftex.def)             Requested size: 210.00035pt x 35.0pt.
File: theme/plecaAyD.png Graphic file (type png)
<use theme/plecaAyD.png>
Package pdftex.def Info: theme/plecaAyD.png  used on input line 96.
(pdftex.def)             Requested size: 614.29208pt x 88.1067pt.
[26 <./cdt/images/actor.png>]
File: cdt/images/actor.png Graphic file (type png)
<use cdt/images/actor.png>
Package pdftex.def Info: cdt/images/actor.png  used on input line 96.
(pdftex.def)             Requested size: 14.26958pt x 11.0pt.
File: cdt/images/actor.png Graphic file (type png)
<use cdt/images/actor.png>
Package pdftex.def Info: cdt/images/actor.png  used on input line 98.
(pdftex.def)             Requested size: 14.26958pt x 11.0pt.
File: cdt/images/usecase.png Graphic file (type png)
<use cdt/images/usecase.png>
Package pdftex.def Info: cdt/images/usecase.png  used on input line 100.
(pdftex.def)             Requested size: 16.40865pt x 11.0pt.
File: cdt/images/usecase.png Graphic file (type png)
<use cdt/images/usecase.png>
Package pdftex.def Info: cdt/images/usecase.png  used on input line 102.
(pdftex.def)             Requested size: 16.40865pt x 11.0pt.
File: cdt/images/usecase.png Graphic file (type png)
<use cdt/images/usecase.png>
Package pdftex.def Info: cdt/images/usecase.png  used on input line 104.
(pdftex.def)             Requested size: 16.40865pt x 11.0pt.
File: cdt/images/usecase.png Graphic file (type png)
<use cdt/images/usecase.png>
Package pdftex.def Info: cdt/images/usecase.png  used on input line 108.
(pdftex.def)             Requested size: 16.40865pt x 11.0pt.
File: cdt/images/iu.png Graphic file (type png)
<use cdt/images/iu.png>
Package pdftex.def Info: cdt/images/iu.png  used on input line 108.
(pdftex.def)             Requested size: 11.09076pt x 10.0pt.

pdfTeX warning (ext4): destination with the same identifier (name{CUX.LETRA}) h
as been already used, duplicate ignored
<to be read again> 
                   \relax 
l.114 ...que hace que se ejecute esta trayectoria}
                                                  
File: cdt/images/usecase.png Graphic file (type png)
<use cdt/images/usecase.png>
Package pdftex.def Info: cdt/images/usecase.png  used on input line 115.
(pdftex.def)             Requested size: 16.40865pt x 11.0pt.


LaTeX Warning: Reference `CUX.etiqueta' on page 27 undefined on input line 137.



LaTeX Warning: Reference `CUX.etiqueta' on page 27 undefined on input line 137.


) (cu/CU4.tex
File: theme/headerInp.png Graphic file (type png)
<use theme/headerInp.png>
Package pdftex.def Info: theme/headerInp.png  used on input line 10.
(pdftex.def)             Requested size: 210.00035pt x 35.0pt.
File: theme/plecaAyD.png Graphic file (type png)
<use theme/plecaAyD.png>
Package pdftex.def Info: theme/plecaAyD.png  used on input line 10.
(pdftex.def)             Requested size: 614.29208pt x 88.1067pt.
 [27]
pdfTeX warning (ext4): destination with the same identifier (name{CUX}) has bee
n already used, duplicate ignored
<to be read again> 
                   \relax 
l.10 }
      
File: cdt/images/cuRule.png Graphic file (type png)
<use cdt/images/cuRule.png>
Package pdftex.def Info: cdt/images/cuRule.png  used on input line 10.
(pdftex.def)             Requested size: 550.53545pt x 33.9985pt.

Overfull \hbox (50.05145pt too wide) in paragraph at lines 10--10
[] 
 []

File: cdt/images/iu.png Graphic file (type png)
<use cdt/images/iu.png>
Package pdftex.def Info: cdt/images/iu.png  used on input line 45.
(pdftex.def)             Requested size: 11.09076pt x 10.0pt.

pdfTeX warning (ext4): destination with the same identifier (name{CUX.E1}) has 
been already used, duplicate ignored
<to be read again> 
                   \relax 
l.68 	}
       \UCitem{Tipo}{

LaTeX Warning: Reference `UC1.etiqueta' on page 28 undefined on input line 68.


pdfTeX warning (ext4): destination with the same identifier (name{CUX.E2}) has 
been already used, duplicate ignored
<to be read again> 
                   \relax 
l.68 	}
       \UCitem{Tipo}{
Underfull \hbox (badness 10000) in paragraph at lines 86--86

 []

File: cdt/images/actor.png Graphic file (type png)
<use cdt/images/actor.png>
Package pdftex.def Info: cdt/images/actor.png  used on input line 91.
(pdftex.def)             Requested size: 14.26958pt x 11.0pt.
File: cdt/images/usecase.png Graphic file (type png)
<use cdt/images/usecase.png>
Package pdftex.def Info: cdt/images/usecase.png  used on input line 91.
(pdftex.def)             Requested size: 16.40865pt x 11.0pt.
File: cdt/images/actor.png Graphic file (type png)
<use cdt/images/actor.png>
Package pdftex.def Info: cdt/images/actor.png  used on input line 92.
(pdftex.def)             Requested size: 14.26958pt x 11.0pt.
File: cdt/images/usecase.png Graphic file (type png)
<use cdt/images/usecase.png>
Package pdftex.def Info: cdt/images/usecase.png  used on input line 94.
(pdftex.def)             Requested size: 16.40865pt x 11.0pt.
File: cdt/images/iu.png Graphic file (type png)
<use cdt/images/iu.png>
Package pdftex.def Info: cdt/images/iu.png  used on input line 94.
(pdftex.def)             Requested size: 11.09076pt x 10.0pt.
File: theme/headerPar.png Graphic file (type png)
<use theme/headerPar.png>
Package pdftex.def Info: theme/headerPar.png  used on input line 96.
(pdftex.def)             Requested size: 210.00035pt x 35.0pt.
File: theme/plecaAyD.png Graphic file (type png)
<use theme/plecaAyD.png>
Package pdftex.def Info: theme/plecaAyD.png  used on input line 96.
(pdftex.def)             Requested size: 614.29208pt x 88.1067pt.
[28]
File: cdt/images/actor.png Graphic file (type png)
<use cdt/images/actor.png>
Package pdftex.def Info: cdt/images/actor.png  used on input line 96.
(pdftex.def)             Requested size: 14.26958pt x 11.0pt.
File: cdt/images/actor.png Graphic file (type png)
<use cdt/images/actor.png>
Package pdftex.def Info: cdt/images/actor.png  used on input line 98.
(pdftex.def)             Requested size: 14.26958pt x 11.0pt.
File: cdt/images/usecase.png Graphic file (type png)
<use cdt/images/usecase.png>
Package pdftex.def Info: cdt/images/usecase.png  used on input line 100.
(pdftex.def)             Requested size: 16.40865pt x 11.0pt.
File: cdt/images/usecase.png Graphic file (type png)
<use cdt/images/usecase.png>
Package pdftex.def Info: cdt/images/usecase.png  used on input line 102.
(pdftex.def)             Requested size: 16.40865pt x 11.0pt.
File: cdt/images/usecase.png Graphic file (type png)
<use cdt/images/usecase.png>
Package pdftex.def Info: cdt/images/usecase.png  used on input line 104.
(pdftex.def)             Requested size: 16.40865pt x 11.0pt.
File: cdt/images/usecase.png Graphic file (type png)
<use cdt/images/usecase.png>
Package pdftex.def Info: cdt/images/usecase.png  used on input line 108.
(pdftex.def)             Requested size: 16.40865pt x 11.0pt.
File: cdt/images/iu.png Graphic file (type png)
<use cdt/images/iu.png>
Package pdftex.def Info: cdt/images/iu.png  used on input line 108.
(pdftex.def)             Requested size: 11.09076pt x 10.0pt.

pdfTeX warning (ext4): destination with the same identifier (name{CUX.LETRA}) h
as been already used, duplicate ignored
<to be read again> 
                   \relax 
l.114 ...que hace que se ejecute esta trayectoria}
                                                  
File: cdt/images/usecase.png Graphic file (type png)
<use cdt/images/usecase.png>
Package pdftex.def Info: cdt/images/usecase.png  used on input line 115.
(pdftex.def)             Requested size: 16.40865pt x 11.0pt.


LaTeX Warning: Reference `CUX.etiqueta' on page 29 undefined on input line 137.



LaTeX Warning: Reference `CUX.etiqueta' on page 29 undefined on input line 137.


) (cu/CU5.tex
File: theme/headerInp.png Graphic file (type png)
<use theme/headerInp.png>
Package pdftex.def Info: theme/headerInp.png  used on input line 10.
(pdftex.def)             Requested size: 210.00035pt x 35.0pt.
File: theme/plecaAyD.png Graphic file (type png)
<use theme/plecaAyD.png>
Package pdftex.def Info: theme/plecaAyD.png  used on input line 10.
(pdftex.def)             Requested size: 614.29208pt x 88.1067pt.
 [29]
pdfTeX warning (ext4): destination with the same identifier (name{CUX}) has bee
n already used, duplicate ignored
<to be read again> 
                   \relax 
l.10 }
      
File: cdt/images/cuRule.png Graphic file (type png)
<use cdt/images/cuRule.png>
Package pdftex.def Info: cdt/images/cuRule.png  used on input line 10.
(pdftex.def)             Requested size: 550.53545pt x 33.9985pt.

Overfull \hbox (50.05145pt too wide) in paragraph at lines 10--10
[] 
 []

File: cdt/images/iu.png Graphic file (type png)
<use cdt/images/iu.png>
Package pdftex.def Info: cdt/images/iu.png  used on input line 45.
(pdftex.def)             Requested size: 11.09076pt x 10.0pt.

pdfTeX warning (ext4): destination with the same identifier (name{CUX.E1}) has 
been already used, duplicate ignored
<to be read again> 
                   \relax 
l.68 	}
       \UCitem{Tipo}{

LaTeX Warning: Reference `UC1.etiqueta' on page 30 undefined on input line 68.


pdfTeX warning (ext4): destination with the same identifier (name{CUX.E2}) has 
been already used, duplicate ignored
<to be read again> 
                   \relax 
l.68 	}
       \UCitem{Tipo}{
Underfull \hbox (badness 10000) in paragraph at lines 86--86

 []

File: cdt/images/actor.png Graphic file (type png)
<use cdt/images/actor.png>
Package pdftex.def Info: cdt/images/actor.png  used on input line 91.
(pdftex.def)             Requested size: 14.26958pt x 11.0pt.
File: cdt/images/usecase.png Graphic file (type png)
<use cdt/images/usecase.png>
Package pdftex.def Info: cdt/images/usecase.png  used on input line 91.
(pdftex.def)             Requested size: 16.40865pt x 11.0pt.
File: cdt/images/actor.png Graphic file (type png)
<use cdt/images/actor.png>
Package pdftex.def Info: cdt/images/actor.png  used on input line 92.
(pdftex.def)             Requested size: 14.26958pt x 11.0pt.
File: cdt/images/usecase.png Graphic file (type png)
<use cdt/images/usecase.png>
Package pdftex.def Info: cdt/images/usecase.png  used on input line 94.
(pdftex.def)             Requested size: 16.40865pt x 11.0pt.
File: cdt/images/iu.png Graphic file (type png)
<use cdt/images/iu.png>
Package pdftex.def Info: cdt/images/iu.png  used on input line 94.
(pdftex.def)             Requested size: 11.09076pt x 10.0pt.
File: theme/headerPar.png Graphic file (type png)
<use theme/headerPar.png>
Package pdftex.def Info: theme/headerPar.png  used on input line 96.
(pdftex.def)             Requested size: 210.00035pt x 35.0pt.
File: theme/plecaAyD.png Graphic file (type png)
<use theme/plecaAyD.png>
Package pdftex.def Info: theme/plecaAyD.png  used on input line 96.
(pdftex.def)             Requested size: 614.29208pt x 88.1067pt.
[30]
File: cdt/images/actor.png Graphic file (type png)
<use cdt/images/actor.png>
Package pdftex.def Info: cdt/images/actor.png  used on input line 96.
(pdftex.def)             Requested size: 14.26958pt x 11.0pt.
File: cdt/images/actor.png Graphic file (type png)
<use cdt/images/actor.png>
Package pdftex.def Info: cdt/images/actor.png  used on input line 98.
(pdftex.def)             Requested size: 14.26958pt x 11.0pt.
File: cdt/images/usecase.png Graphic file (type png)
<use cdt/images/usecase.png>
Package pdftex.def Info: cdt/images/usecase.png  used on input line 100.
(pdftex.def)             Requested size: 16.40865pt x 11.0pt.
File: cdt/images/usecase.png Graphic file (type png)
<use cdt/images/usecase.png>
Package pdftex.def Info: cdt/images/usecase.png  used on input line 102.
(pdftex.def)             Requested size: 16.40865pt x 11.0pt.
File: cdt/images/usecase.png Graphic file (type png)
<use cdt/images/usecase.png>
Package pdftex.def Info: cdt/images/usecase.png  used on input line 104.
(pdftex.def)             Requested size: 16.40865pt x 11.0pt.
File: cdt/images/usecase.png Graphic file (type png)
<use cdt/images/usecase.png>
Package pdftex.def Info: cdt/images/usecase.png  used on input line 108.
(pdftex.def)             Requested size: 16.40865pt x 11.0pt.
File: cdt/images/iu.png Graphic file (type png)
<use cdt/images/iu.png>
Package pdftex.def Info: cdt/images/iu.png  used on input line 108.
(pdftex.def)             Requested size: 11.09076pt x 10.0pt.

pdfTeX warning (ext4): destination with the same identifier (name{CUX.LETRA}) h
as been already used, duplicate ignored
<to be read again> 
                   \relax 
l.114 ...que hace que se ejecute esta trayectoria}
                                                  
File: cdt/images/usecase.png Graphic file (type png)
<use cdt/images/usecase.png>
Package pdftex.def Info: cdt/images/usecase.png  used on input line 115.
(pdftex.def)             Requested size: 16.40865pt x 11.0pt.


LaTeX Warning: Reference `CUX.etiqueta' on page 31 undefined on input line 137.



LaTeX Warning: Reference `CUX.etiqueta' on page 31 undefined on input line 137.


) (cu/cu-template-corto.tex
File: theme/headerInp.png Graphic file (type png)
<use theme/headerInp.png>
Package pdftex.def Info: theme/headerInp.png  used on input line 10.
(pdftex.def)             Requested size: 210.00035pt x 35.0pt.
File: theme/plecaAyD.png Graphic file (type png)
<use theme/plecaAyD.png>
Package pdftex.def Info: theme/plecaAyD.png  used on input line 10.
(pdftex.def)             Requested size: 614.29208pt x 88.1067pt.
 [31]
pdfTeX warning (ext4): destination with the same identifier (name{CUX}) has bee
n already used, duplicate ignored
<to be read again> 
                   \relax 
l.10 }
      
File: cdt/images/cuRule.png Graphic file (type png)
<use cdt/images/cuRule.png>
Package pdftex.def Info: cdt/images/cuRule.png  used on input line 10.
(pdftex.def)             Requested size: 550.53545pt x 33.9985pt.

Overfull \hbox (50.05145pt too wide) in paragraph at lines 10--10
[] 
 []

File: cdt/images/iu.png Graphic file (type png)
<use cdt/images/iu.png>
Package pdftex.def Info: cdt/images/iu.png  used on input line 45.
(pdftex.def)             Requested size: 11.09076pt x 10.0pt.

pdfTeX warning (ext4): destination with the same identifier (name{CUX.E1}) has 
been already used, duplicate ignored
<to be read again> 
                   \relax 
l.68 	}
       \UCitem{Tipo}{

LaTeX Warning: Reference `UC1.etiqueta' on page 32 undefined on input line 68.


pdfTeX warning (ext4): destination with the same identifier (name{CUX.E2}) has 
been already used, duplicate ignored
<to be read again> 
                   \relax 
l.68 	}
       \UCitem{Tipo}{
Underfull \hbox (badness 10000) in paragraph at lines 86--86

 []

File: cdt/images/actor.png Graphic file (type png)
<use cdt/images/actor.png>
Package pdftex.def Info: cdt/images/actor.png  used on input line 91.
(pdftex.def)             Requested size: 14.26958pt x 11.0pt.
File: cdt/images/usecase.png Graphic file (type png)
<use cdt/images/usecase.png>
Package pdftex.def Info: cdt/images/usecase.png  used on input line 91.
(pdftex.def)             Requested size: 16.40865pt x 11.0pt.
File: cdt/images/actor.png Graphic file (type png)
<use cdt/images/actor.png>
Package pdftex.def Info: cdt/images/actor.png  used on input line 92.
(pdftex.def)             Requested size: 14.26958pt x 11.0pt.
File: cdt/images/usecase.png Graphic file (type png)
<use cdt/images/usecase.png>
Package pdftex.def Info: cdt/images/usecase.png  used on input line 94.
(pdftex.def)             Requested size: 16.40865pt x 11.0pt.
File: cdt/images/iu.png Graphic file (type png)
<use cdt/images/iu.png>
Package pdftex.def Info: cdt/images/iu.png  used on input line 94.
(pdftex.def)             Requested size: 11.09076pt x 10.0pt.
File: theme/headerPar.png Graphic file (type png)
<use theme/headerPar.png>
Package pdftex.def Info: theme/headerPar.png  used on input line 96.
(pdftex.def)             Requested size: 210.00035pt x 35.0pt.
File: theme/plecaAyD.png Graphic file (type png)
<use theme/plecaAyD.png>
Package pdftex.def Info: theme/plecaAyD.png  used on input line 96.
(pdftex.def)             Requested size: 614.29208pt x 88.1067pt.
[32]
File: cdt/images/actor.png Graphic file (type png)
<use cdt/images/actor.png>
Package pdftex.def Info: cdt/images/actor.png  used on input line 96.
(pdftex.def)             Requested size: 14.26958pt x 11.0pt.
File: cdt/images/actor.png Graphic file (type png)
<use cdt/images/actor.png>
Package pdftex.def Info: cdt/images/actor.png  used on input line 98.
(pdftex.def)             Requested size: 14.26958pt x 11.0pt.
File: cdt/images/usecase.png Graphic file (type png)
<use cdt/images/usecase.png>
Package pdftex.def Info: cdt/images/usecase.png  used on input line 100.
(pdftex.def)             Requested size: 16.40865pt x 11.0pt.
File: cdt/images/usecase.png Graphic file (type png)
<use cdt/images/usecase.png>
Package pdftex.def Info: cdt/images/usecase.png  used on input line 102.
(pdftex.def)             Requested size: 16.40865pt x 11.0pt.
File: cdt/images/usecase.png Graphic file (type png)
<use cdt/images/usecase.png>
Package pdftex.def Info: cdt/images/usecase.png  used on input line 104.
(pdftex.def)             Requested size: 16.40865pt x 11.0pt.
File: cdt/images/usecase.png Graphic file (type png)
<use cdt/images/usecase.png>
Package pdftex.def Info: cdt/images/usecase.png  used on input line 108.
(pdftex.def)             Requested size: 16.40865pt x 11.0pt.
File: cdt/images/iu.png Graphic file (type png)
<use cdt/images/iu.png>
Package pdftex.def Info: cdt/images/iu.png  used on input line 108.
(pdftex.def)             Requested size: 11.09076pt x 10.0pt.

pdfTeX warning (ext4): destination with the same identifier (name{CUX.LETRA}) h
as been already used, duplicate ignored
<to be read again> 
                   \relax 
l.114 ...que hace que se ejecute esta trayectoria}
                                                  
File: cdt/images/usecase.png Graphic file (type png)
<use cdt/images/usecase.png>
Package pdftex.def Info: cdt/images/usecase.png  used on input line 115.
(pdftex.def)             Requested size: 16.40865pt x 11.0pt.


LaTeX Warning: Reference `CUX.etiqueta' on page 33 undefined on input line 137.



LaTeX Warning: Reference `CUX.etiqueta' on page 33 undefined on input line 137.


))
File: theme/headerInp.png Graphic file (type png)
<use theme/headerInp.png>
Package pdftex.def Info: theme/headerInp.png  used on input line 48.
(pdftex.def)             Requested size: 210.00035pt x 35.0pt.
File: theme/plecaAyD.png Graphic file (type png)
<use theme/plecaAyD.png>
Package pdftex.def Info: theme/plecaAyD.png  used on input line 48.
(pdftex.def)             Requested size: 614.29208pt x 88.1067pt.
 [33]
\openout2 = `5ModeloDeInteraccion.aux'.

 (5ModeloDeInteraccion.tex
File: theme/headerPar.png Graphic file (type png)
<use theme/headerPar.png>
Package pdftex.def Info: theme/headerPar.png  used on input line 3.
(pdftex.def)             Requested size: 210.00035pt x 35.0pt.
File: theme/plecaAyD.png Graphic file (type png)
<use theme/plecaAyD.png>
Package pdftex.def Info: theme/plecaAyD.png  used on input line 3.
(pdftex.def)             Requested size: 614.29208pt x 88.1067pt.
 [34




]
Cap\'{\i }tulo 5.

Underfull \hbox (badness 10000) in paragraph at lines 16--17

 []

File: images/mapa.jpg Graphic file (type jpg)
<use images/mapa.jpg>
Package pdftex.def Info: images/mapa.jpg  used on input line 20.
(pdftex.def)             Requested size: 350.33727pt x 263.03017pt.
(iu/iu-template.tex
File: cdt/images/iu.png Graphic file (type png)
<use cdt/images/iu.png>
Package pdftex.def Info: cdt/images/iu.png  used on input line 9.
(pdftex.def)             Requested size: 11.09076pt x 10.0pt.
<images/Login.png, id=951, 354.32375pt x 252.945pt>
File: images/Login.png Graphic file (type png)
<use images/Login.png>
Package pdftex.def Info: images/Login.png  used on input line 11.
(pdftex.def)             Requested size: 350.33727pt x 250.10368pt.
File: theme/plecaAyD.png Graphic file (type png)
<use theme/plecaAyD.png>
Package pdftex.def Info: theme/plecaAyD.png  used on input line 20.
(pdftex.def)             Requested size: 614.29208pt x 88.1067pt.
 [35]
File: cdt/images/iu.png Graphic file (type png)
<use cdt/images/iu.png>
Package pdftex.def Info: cdt/images/iu.png  used on input line 34.
(pdftex.def)             Requested size: 11.09076pt x 10.0pt.
File: cdt/images/iu.png Graphic file (type png)
<use cdt/images/iu.png>
Package pdftex.def Info: cdt/images/iu.png  used on input line 35.
(pdftex.def)             Requested size: 11.09076pt x 10.0pt.
) (5-1-Mensajes.tex
File: theme/headerPar.png Graphic file (type png)
<use theme/headerPar.png>
Package pdftex.def Info: theme/headerPar.png  used on input line 9.
(pdftex.def)             Requested size: 210.00035pt x 35.0pt.
File: theme/plecaAyD.png Graphic file (type png)
<use theme/plecaAyD.png>
Package pdftex.def Info: theme/plecaAyD.png  used on input line 9.
(pdftex.def)             Requested size: 614.29208pt x 88.1067pt.
 [36]
File: theme/headerInp.png Graphic file (type png)
<use theme/headerInp.png>
Package pdftex.def Info: theme/headerInp.png  used on input line 24.
(pdftex.def)             Requested size: 210.00035pt x 35.0pt.
File: theme/plecaAyD.png Graphic file (type png)
<use theme/plecaAyD.png>
Package pdftex.def Info: theme/plecaAyD.png  used on input line 24.
(pdftex.def)             Requested size: 614.29208pt x 88.1067pt.
 [37 <./images/Login.png>]
File: theme/headerPar.png Graphic file (type png)
<use theme/headerPar.png>
Package pdftex.def Info: theme/headerPar.png  used on input line 99.
(pdftex.def)             Requested size: 210.00035pt x 35.0pt.
File: theme/plecaAyD.png Graphic file (type png)
<use theme/plecaAyD.png>
Package pdftex.def Info: theme/plecaAyD.png  used on input line 99.
(pdftex.def)             Requested size: 614.29208pt x 88.1067pt.

[38]))
File: theme/headerInp.png Graphic file (type png)
<use theme/headerInp.png>
Package pdftex.def Info: theme/headerInp.png  used on input line 51.
(pdftex.def)             Requested size: 210.00035pt x 35.0pt.
File: theme/plecaAyD.png Graphic file (type png)
<use theme/plecaAyD.png>
Package pdftex.def Info: theme/plecaAyD.png  used on input line 51.
(pdftex.def)             Requested size: 614.29208pt x 88.1067pt.
 [39] (proyecto.aux
LaTeX Info: Redefining \. on input line 11.
LaTeX Info: Redefining \% on input line 11.
 (projectCharter.aux) (1introduccion.aux)
(2ModeloDelAlcance.aux) (3ModeloDelNegocio.aux) (4ModeloDinamico.aux)
(5ModeloDeInteraccion.aux))
 ***********
LaTeX2e <2023-11-01> patch level 1
L3 programming layer <2024-01-04>
 ***********


LaTeX Warning: There were undefined references.


LaTeX Warning: There were multiply-defined labels.

Package rerunfilecheck Info: File `proyecto.out' has not changed.
(rerunfilecheck)             Checksum: AA059C5A2A39EB269E887F628AE8EA1A;13365.
 ) 
Here is how much of TeX's memory you used:
 20249 strings out of 474486
 341285 string characters out of 5743755
 1956542 words of memory out of 5000000
 41792 multiletter control sequences out of 15000+600000
 618485 words of font info for 161 fonts, out of 8000000 for 9000
 1141 hyphenation exceptions out of 8191
 105i,16n,107p,484b,785s stack positions out of 10000i,1000n,20000p,200000b,200000s

pdfTeX warning (dest): name{Usuario.login} has been referenced but does not exi
st, replaced by a fixed one


pdfTeX warning (dest): name{Usuario.nombre} has been referenced but does not ex
ist, replaced by a fixed one


pdfTeX warning (dest): name{IU50} has been referenced but does not exist, repla
ced by a fixed one


pdfTeX warning (dest): name{UI32} has been referenced but does not exist, repla
ced by a fixed one


pdfTeX warning (dest): name{CUY} has been referenced but does not exist, replac
ed by a fixed one


pdfTeX warning (dest): name{CUX.E3} has been referenced but does not exist, rep
laced by a fixed one


pdfTeX warning (dest): name{IU1} has been referenced but does not exist, replac
ed by a fixed one


pdfTeX warning (dest): name{IUX} has been referenced but does not exist, replac
ed by a fixed one


pdfTeX warning (dest): name{IdDelActor} has been referenced but does not exist,
 replaced by a fixed one


pdfTeX warning (dest): name{IU3} has been referenced but does not exist, replac
ed by a fixed one


pdfTeX warning (dest): name{CU0} has been referenced but does not exist, replac
ed by a fixed one


pdfTeX warning (dest): name{mascota.comentariosExtra} has been referenced but d
oes not exist, replaced by a fixed one


pdfTeX warning (dest): name{mascota.condicionesEspeciales} has been referenced 
but does not exist, replaced by a fixed one


pdfTeX warning (dest): name{mascota.dosis} has been referenced but does not exi
st, replaced by a fixed one


pdfTeX warning (dest): name{mascota.fechaUltimaDosis} has been referenced but d
oes not exist, replaced by a fixed one


pdfTeX warning (dest): name{mascota.medicamentos} has been referenced but does 
not exist, replaced by a fixed one


pdfTeX warning (dest): name{mascota.alergias} has been referenced but does not 
exist, replaced by a fixed one


pdfTeX warning (dest): name{mascota.vacunas} has been referenced but does not e
xist, replaced by a fixed one


pdfTeX warning (dest): name{mascota.color} has been referenced but does not exi
st, replaced by a fixed one


pdfTeX warning (dest): name{mascota.raza} has been referenced but does not exis
t, replaced by a fixed one


pdfTeX warning (dest): name{mascota.especie} has been referenced but does not e
xist, replaced by a fixed one


pdfTeX warning (dest): name{mascota.RUAC} has been referenced but does not exis
t, replaced by a fixed one


pdfTeX warning (dest): name{mascota.fechaNacimiento} has been referenced but do
es not exist, replaced by a fixed one


pdfTeX warning (dest): name{mascota.tamano} has been referenced but does not ex
ist, replaced by a fixed one


pdfTeX warning (dest): name{mascota.nombre} has been referenced but does not ex
ist, replaced by a fixed one


pdfTeX warning (dest): name{Recepcionista} has been referenced but does not exi
st, replaced by a fixed one


pdfTeX warning (dest): name{CUZ} has been referenced but does not exist, replac
ed by a fixed one


pdfTeX warning (dest): name{CUX.B} has been referenced but does not exist, repl
aced by a fixed one


pdfTeX warning (dest): name{CU1.E2} has been referenced but does not exist, rep
laced by a fixed one


pdfTeX warning (dest): name{CUX.A} has been referenced but does not exist, repl
aced by a fixed one


pdfTeX warning (dest): name{IU2} has been referenced but does not exist, replac
ed by a fixed one


pdfTeX warning (dest): name{Entidad.Atributo} has been referenced but does not 
exist, replaced by a fixed one


pdfTeX warning (dest): name{Cliente} has been referenced but does not exist, re
placed by a fixed one


pdfTeX warning (dest): name{CU\0404.3} has been referenced but does not exist, 
replaced by a fixed one


pdfTeX warning (dest): name{CU3.4} has been referenced but does not exist, repl
aced by a fixed one


pdfTeX warning (dest): name{BR8} has been referenced but does not exist, replac
ed by a fixed one


pdfTeX warning (dest): name{BR05} has been referenced but does not exist, repla
ced by a fixed one


pdfTeX warning (dest): name{CUCE3.3} has been referenced but does not exist, re
placed by a fixed one


pdfTeX warning (dest): name{CUCE3.2} has been referenced but does not exist, re
placed by a fixed one


pdfTeX warning (dest): name{Pais} has been referenced but does not exist, repla
ced by a fixed one


pdfTeX warning (dest): name{Curso} has been referenced but does not exist, repl
aced by a fixed one


pdfTeX warning (dest): name{Domicilio} has been referenced but does not exist, 
replaced by a fixed one

<D:/tex/fonts/type1/public/fontawesome5/FontAwesome5Free-Solid.pfb><D:/tex/font
s/type1/public/marvosym/marvosym.pfb><D:/tex/fonts/type1/public/txfonts/rtcxss.
pfb><D:/tex/fonts/type1/public/txfonts/rtxmi.pfb><D:/tex/fonts/type1/public/txf
onts/rtxsssc.pfb><D:/tex/fonts/type1/public/txfonts/txsy.pfb><D:/tex/fonts/type
1/public/txfonts/txsya.pfb><D:/tex/fonts/type1/public/txfonts/txsyc.pfb><C:/Use
rs/mruiz/AppData/Local/Programs/MiKTeX/fonts/type1/urw/helvetic/uhvb8a.pfb><C:/
Users/mruiz/AppData/Local/Programs/MiKTeX/fonts/type1/urw/helvetic/uhvr8a.pfb><
C:/Users/mruiz/AppData/Local/Programs/MiKTeX/fonts/type1/urw/helvetic/uhvr8a.pf
b><C:/Users/mruiz/AppData/Local/Programs/MiKTeX/fonts/type1/urw/times/utmr8a.pf
b>
Output written on proyecto.pdf (49 pages, 5369823 bytes).
PDF statistics:
 1115 PDF objects out of 1200 (max. 8388607)
 300 named destinations out of 1000 (max. 500000)
 721 words of extra memory for PDF output out of 10000 (max. 10000000)

